# JRE version: OpenJDK Runtime Environment (21.0.6) (build 21.0.6+-13368085-b895.109)
# Java VM: OpenJDK 64-Bit Server VM (21.0.6+-13368085-b895.109, mixed mode, tiered, compressed oops, compressed class ptrs, g1 gc, windows-amd64)
GC Precious Log:
 CardTable entry size: 512
 Card Set container configuration: InlinePtr #cards 4 size 8 Array Of Cards #cards 16 size 48 Howl #buckets 8 coarsen threshold 3686 Howl Bitmap #cards 512 size 80 coarsen threshold 460 Card regions per heap region 1 cards per card region 4096
 CPUs: 8 total, 8 available
 Memory: 6091M
 Large Page Support: Disabled
 NUMA Support: Disabled
 Compressed Oops: Enabled (Zero based)
 Heap Region Size: 2M
 Heap Min Capacity: 8M
 Heap Initial Capacity: 96M
 Heap Max Capacity: 3G
 Pre-touch: Disabled
 Parallel Workers: 8
 Concurrent Workers: 2
 Concurrent Refinement Workers: 8
 Periodic GC: Disabled
Heap:
 garbage-first heap   total 704512K, used 590848K [0x0000000740000000, 0x0000000800000000)
  region size 2048K, 6 young (12288K), 6 survivors (12288K)
 Metaspace       used 158387K, committed 161024K, reserved 1245184K
  class space    used 20809K, committed 22144K, reserved 1048576K
GC Heap History (20 events):
Event: 767.038 GC heap after
{Heap after GC invocations=69 (full 0):
 garbage-first heap   total 493568K, used 282100K [0x0000000740000000, 0x0000000800000000)
  region size 2048K, 13 young (26624K), 13 survivors (26624K)
 Metaspace       used 143489K, committed 146176K, reserved 1179648K
  class space    used 18922K, committed 20288K, reserved 1048576K
}
Event: 768.694 GC heap before
{Heap before GC invocations=69 (full 0):
 garbage-first heap   total 493568K, used 456180K [0x0000000740000000, 0x0000000800000000)
  region size 2048K, 86 young (176128K), 13 survivors (26624K)
 Metaspace       used 146335K, committed 148928K, reserved 1179648K
  class space    used 19144K, committed 20480K, reserved 1048576K
}
Event: 768.733 GC heap after
{Heap after GC invocations=70 (full 0):
 garbage-first heap   total 514048K, used 301056K [0x0000000740000000, 0x0000000800000000)
  region size 2048K, 11 young (22528K), 11 survivors (22528K)
 Metaspace       used 146335K, committed 148928K, reserved 1179648K
  class space    used 19144K, committed 20480K, reserved 1048576K
}
Event: 769.227 GC heap before
{Heap before GC invocations=70 (full 0):
 garbage-first heap   total 514048K, used 397312K [0x0000000740000000, 0x0000000800000000)
  region size 2048K, 59 young (120832K), 11 survivors (22528K)
 Metaspace       used 147501K, committed 150144K, reserved 1179648K
  class space    used 19262K, committed 20608K, reserved 1048576K
}
Event: 769.243 GC heap after
{Heap after GC invocations=71 (full 0):
 garbage-first heap   total 514048K, used 304969K [0x0000000740000000, 0x0000000800000000)
  region size 2048K, 3 young (6144K), 3 survivors (6144K)
 Metaspace       used 147501K, committed 150144K, reserved 1179648K
  class space    used 19262K, committed 20608K, reserved 1048576K
}
Event: 771.680 GC heap before
{Heap before GC invocations=72 (full 0):
 garbage-first heap   total 520192K, used 487241K [0x0000000740000000, 0x0000000800000000)
  region size 2048K, 79 young (161792K), 3 survivors (6144K)
 Metaspace       used 151448K, committed 154048K, reserved 1245184K
  class space    used 19679K, committed 20992K, reserved 1048576K
}
Event: 771.690 GC heap after
{Heap after GC invocations=73 (full 0):
 garbage-first heap   total 520192K, used 299900K [0x0000000740000000, 0x0000000800000000)
  region size 2048K, 4 young (8192K), 4 survivors (8192K)
 Metaspace       used 151448K, committed 154048K, reserved 1245184K
  class space    used 19679K, committed 20992K, reserved 1048576K
}
Event: 773.369 GC heap before
{Heap before GC invocations=73 (full 0):
 garbage-first heap   total 524288K, used 521084K [0x0000000740000000, 0x0000000800000000)
  region size 2048K, 57 young (116736K), 4 survivors (8192K)
 Metaspace       used 155253K, committed 157952K, reserved 1245184K
  class space    used 20214K, committed 21568K, reserved 1048576K
}
Event: 773.393 GC heap after
{Heap after GC invocations=74 (full 0):
 garbage-first heap   total 579584K, used 364266K [0x0000000740000000, 0x0000000800000000)
  region size 2048K, 12 young (24576K), 12 survivors (24576K)
 Metaspace       used 155253K, committed 157952K, reserved 1245184K
  class space    used 20214K, committed 21568K, reserved 1048576K
}
Event: 774.653 GC heap before
{Heap before GC invocations=74 (full 0):
 garbage-first heap   total 579584K, used 513770K [0x0000000740000000, 0x0000000800000000)
  region size 2048K, 84 young (172032K), 12 survivors (24576K)
 Metaspace       used 155601K, committed 158272K, reserved 1245184K
  class space    used 20259K, committed 21632K, reserved 1048576K
}
Event: 774.736 GC heap after
{Heap after GC invocations=75 (full 0):
 garbage-first heap   total 604160K, used 419127K [0x0000000740000000, 0x0000000800000000)
  region size 2048K, 11 young (22528K), 11 survivors (22528K)
 Metaspace       used 155601K, committed 158272K, reserved 1245184K
  class space    used 20259K, committed 21632K, reserved 1048576K
}
Event: 774.786 GC heap before
{Heap before GC invocations=75 (full 0):
 garbage-first heap   total 604160K, used 425271K [0x0000000740000000, 0x0000000800000000)
  region size 2048K, 15 young (30720K), 11 survivors (22528K)
 Metaspace       used 155601K, committed 158272K, reserved 1245184K
  class space    used 20259K, committed 21632K, reserved 1048576K
}
Event: 774.816 GC heap after
{Heap after GC invocations=76 (full 0):
 garbage-first heap   total 604160K, used 425997K [0x0000000740000000, 0x0000000800000000)
  region size 2048K, 3 young (6144K), 3 survivors (6144K)
 Metaspace       used 155601K, committed 158272K, reserved 1245184K
  class space    used 20259K, committed 21632K, reserved 1048576K
}
Event: 776.037 GC heap before
{Heap before GC invocations=77 (full 0):
 garbage-first heap   total 704512K, used 507917K [0x0000000740000000, 0x0000000800000000)
  region size 2048K, 47 young (96256K), 3 survivors (6144K)
 Metaspace       used 158364K, committed 161024K, reserved 1245184K
  class space    used 20808K, committed 22144K, reserved 1048576K
}
Event: 776.090 GC heap after
{Heap after GC invocations=78 (full 0):
 garbage-first heap   total 704512K, used 458752K [0x0000000740000000, 0x0000000800000000)
  region size 2048K, 6 young (12288K), 6 survivors (12288K)
 Metaspace       used 158364K, committed 161024K, reserved 1245184K
  class space    used 20808K, committed 22144K, reserved 1048576K
}
Event: 776.641 GC heap before
{Heap before GC invocations=78 (full 0):
 garbage-first heap   total 704512K, used 577536K [0x0000000740000000, 0x0000000800000000)
  region size 2048K, 65 young (133120K), 6 survivors (12288K)
 Metaspace       used 158381K, committed 161024K, reserved 1245184K
  class space    used 20809K, committed 22144K, reserved 1048576K
}
Event: 776.723 GC heap after
{Heap after GC invocations=79 (full 0):
 garbage-first heap   total 704512K, used 500396K [0x0000000740000000, 0x0000000800000000)
  region size 2048K, 9 young (18432K), 9 survivors (18432K)
 Metaspace       used 158381K, committed 161024K, reserved 1245184K
  class space    used 20809K, committed 22144K, reserved 1048576K
}
Event: 777.086 GC heap before
{Heap before GC invocations=79 (full 0):
 garbage-first heap   total 704512K, used 594604K [0x0000000740000000, 0x0000000800000000)
  region size 2048K, 56 young (114688K), 9 survivors (18432K)
 Metaspace       used 158387K, committed 161024K, reserved 1245184K
  class space    used 20809K, committed 22144K, reserved 1048576K
}
Event: 777.145 GC heap after
{Heap after GC invocations=80 (full 0):
 garbage-first heap   total 704512K, used 550912K [0x0000000740000000, 0x0000000800000000)
  region size 2048K, 7 young (14336K), 7 survivors (14336K)
 Metaspace       used 158387K, committed 161024K, reserved 1245184K
  class space    used 20809K, committed 22144K, reserved 1048576K
}
Event: 777.547 GC heap before
{Heap before GC invocations=80 (full 0):
 garbage-first heap   total 704512K, used 622592K [0x0000000740000000, 0x0000000800000000)
  region size 2048K, 42 young (86016K), 7 survivors (14336K)
 Metaspace       used 158387K, committed 161024K, reserved 1245184K
  class space    used 20809K, committed 22144K, reserved 1048576K
}

