# JRE version: OpenJDK Runtime Environment (21.0.6) (build 21.0.6+-13368085-b895.109)
# Java VM: OpenJDK 64-Bit Server VM (21.0.6+-13368085-b895.109, mixed mode, tiered, compressed oops, compressed class ptrs, g1 gc, windows-amd64)
GC Precious Log:
 CardTable entry size: 512
 Card Set container configuration: InlinePtr #cards 4 size 8 Array Of Cards #cards 16 size 48 Howl #buckets 8 coarsen threshold 3686 Howl Bitmap #cards 512 size 80 coarsen threshold 460 Card regions per heap region 1 cards per card region 4096
 CPUs: 8 total, 8 available
 Memory: 6091M
 Large Page Support: Disabled
 NUMA Support: Disabled
 Compressed Oops: Enabled (Zero based)
 Heap Region Size: 2M
 Heap Min Capacity: 8M
 Heap Initial Capacity: 96M
 Heap Max Capacity: 3G
 Pre-touch: Disabled
 Parallel Workers: 8
 Concurrent Workers: 2
 Concurrent Refinement Workers: 8
 Periodic GC: Disabled
Heap:
 garbage-first heap   total 788480K, used 507806K [0x0000000740000000, 0x0000000800000000)
  region size 2048K, 5 young (10240K), 5 survivors (10240K)
 Metaspace       used 154161K, committed 156736K, reserved 1245184K
  class space    used 20369K, committed 21696K, reserved 1048576K
GC Heap History (20 events):
Event: 267.508 GC heap after
{Heap after GC invocations=65 (full 0):
 garbage-first heap   total 376832K, used 253586K [0x0000000740000000, 0x0000000800000000)
  region size 2048K, 6 young (12288K), 6 survivors (12288K)
 Metaspace       used 141443K, committed 144000K, reserved 1179648K
  class space    used 18593K, committed 19904K, reserved 1048576K
}
Event: 268.203 GC heap before
{Heap before GC invocations=66 (full 0):
 garbage-first heap   total 423936K, used 331410K [0x0000000740000000, 0x0000000800000000)
  region size 2048K, 44 young (90112K), 6 survivors (12288K)
 Metaspace       used 141861K, committed 144384K, reserved 1179648K
  class space    used 18613K, committed 19904K, reserved 1048576K
}
Event: 268.213 GC heap after
{Heap after GC invocations=67 (full 0):
 garbage-first heap   total 423936K, used 256871K [0x0000000740000000, 0x0000000800000000)
  region size 2048K, 2 young (4096K), 2 survivors (4096K)
 Metaspace       used 141861K, committed 144384K, reserved 1179648K
  class space    used 18613K, committed 19904K, reserved 1048576K
}
Event: 269.114 GC heap before
{Heap before GC invocations=67 (full 0):
 garbage-first heap   total 423936K, used 394087K [0x0000000740000000, 0x0000000800000000)
  region size 2048K, 56 young (114688K), 2 survivors (4096K)
 Metaspace       used 143568K, committed 146112K, reserved 1179648K
  class space    used 18797K, committed 20096K, reserved 1048576K
}
Event: 269.142 GC heap after
{Heap after GC invocations=68 (full 0):
 garbage-first heap   total 423936K, used 254039K [0x0000000740000000, 0x0000000800000000)
  region size 2048K, 6 young (12288K), 6 survivors (12288K)
 Metaspace       used 143568K, committed 146112K, reserved 1179648K
  class space    used 18797K, committed 20096K, reserved 1048576K
}
Event: 269.498 GC heap before
{Heap before GC invocations=68 (full 0):
 garbage-first heap   total 423936K, used 282711K [0x0000000740000000, 0x0000000800000000)
  region size 2048K, 21 young (43008K), 6 survivors (12288K)
 Metaspace       used 144234K, committed 146816K, reserved 1179648K
  class space    used 18868K, committed 20160K, reserved 1048576K
}
Event: 269.508 GC heap after
{Heap after GC invocations=69 (full 0):
 garbage-first heap   total 509952K, used 250908K [0x0000000740000000, 0x0000000800000000)
  region size 2048K, 3 young (6144K), 3 survivors (6144K)
 Metaspace       used 144234K, committed 146816K, reserved 1179648K
  class space    used 18868K, committed 20160K, reserved 1048576K
}
Event: 272.568 GC heap before
{Heap before GC invocations=70 (full 0):
 garbage-first heap   total 509952K, used 494620K [0x0000000740000000, 0x0000000800000000)
  region size 2048K, 107 young (219136K), 3 survivors (6144K)
 Metaspace       used 147214K, committed 149760K, reserved 1179648K
  class space    used 19238K, committed 20544K, reserved 1048576K
}
Event: 272.610 GC heap after
{Heap after GC invocations=71 (full 0):
 garbage-first heap   total 530432K, used 302071K [0x0000000740000000, 0x0000000800000000)
  region size 2048K, 14 young (28672K), 14 survivors (28672K)
 Metaspace       used 147214K, committed 149760K, reserved 1179648K
  class space    used 19238K, committed 20544K, reserved 1048576K
}
Event: 274.598 GC heap before
{Heap before GC invocations=71 (full 0):
 garbage-first heap   total 530432K, used 527351K [0x0000000740000000, 0x0000000800000000)
  region size 2048K, 86 young (176128K), 14 survivors (28672K)
 Metaspace       used 151130K, committed 153664K, reserved 1245184K
  class space    used 19775K, committed 21056K, reserved 1048576K
}
Event: 274.697 GC heap after
{Heap after GC invocations=72 (full 0):
 garbage-first heap   total 593920K, used 332623K [0x0000000740000000, 0x0000000800000000)
  region size 2048K, 13 young (26624K), 13 survivors (26624K)
 Metaspace       used 151130K, committed 153664K, reserved 1245184K
  class space    used 19775K, committed 21056K, reserved 1048576K
}
Event: 275.204 GC heap before
{Heap before GC invocations=72 (full 0):
 garbage-first heap   total 593920K, used 387919K [0x0000000740000000, 0x0000000800000000)
  region size 2048K, 41 young (83968K), 13 survivors (26624K)
 Metaspace       used 151130K, committed 153664K, reserved 1245184K
  class space    used 19775K, committed 21056K, reserved 1048576K
}
Event: 275.418 GC heap after
{Heap after GC invocations=73 (full 0):
 garbage-first heap   total 593920K, used 354146K [0x0000000740000000, 0x0000000800000000)
  region size 2048K, 11 young (22528K), 11 survivors (22528K)
 Metaspace       used 151130K, committed 153664K, reserved 1245184K
  class space    used 19775K, committed 21056K, reserved 1048576K
}
Event: 277.259 GC heap before
{Heap before GC invocations=74 (full 0):
 garbage-first heap   total 614400K, used 511842K [0x0000000740000000, 0x0000000800000000)
  region size 2048K, 82 young (167936K), 11 survivors (22528K)
 Metaspace       used 154045K, committed 156608K, reserved 1245184K
  class space    used 20363K, committed 21696K, reserved 1048576K
}
Event: 277.365 GC heap after
{Heap after GC invocations=75 (full 0):
 garbage-first heap   total 614400K, used 421888K [0x0000000740000000, 0x0000000800000000)
  region size 2048K, 11 young (22528K), 11 survivors (22528K)
 Metaspace       used 154045K, committed 156608K, reserved 1245184K
  class space    used 20363K, committed 21696K, reserved 1048576K
}
Event: 277.431 GC heap before
{Heap before GC invocations=75 (full 0):
 garbage-first heap   total 614400K, used 430080K [0x0000000740000000, 0x0000000800000000)
  region size 2048K, 15 young (30720K), 11 survivors (22528K)
 Metaspace       used 154087K, committed 156672K, reserved 1245184K
  class space    used 20363K, committed 21696K, reserved 1048576K
}
Event: 277.488 GC heap after
{Heap after GC invocations=76 (full 0):
 garbage-first heap   total 614400K, used 422883K [0x0000000740000000, 0x0000000800000000)
  region size 2048K, 2 young (4096K), 2 survivors (4096K)
 Metaspace       used 154087K, committed 156672K, reserved 1245184K
  class space    used 20363K, committed 21696K, reserved 1048576K
}
Event: 277.968 GC heap before
{Heap before GC invocations=76 (full 0):
 garbage-first heap   total 614400K, used 525283K [0x0000000740000000, 0x0000000800000000)
  region size 2048K, 53 young (108544K), 2 survivors (4096K)
 Metaspace       used 154111K, committed 156672K, reserved 1245184K
  class space    used 20364K, committed 21696K, reserved 1048576K
}
Event: 278.039 GC heap after
{Heap after GC invocations=77 (full 0):
 garbage-first heap   total 614400K, used 476160K [0x0000000740000000, 0x0000000800000000)
  region size 2048K, 7 young (14336K), 7 survivors (14336K)
 Metaspace       used 154111K, committed 156672K, reserved 1245184K
  class space    used 20364K, committed 21696K, reserved 1048576K
}
Event: 279.240 GC heap before
{Heap before GC invocations=77 (full 0):
 garbage-first heap   total 788480K, used 537600K [0x0000000740000000, 0x0000000800000000)
  region size 2048K, 39 young (79872K), 7 survivors (14336K)
 Metaspace       used 154161K, committed 156736K, reserved 1245184K
  class space    used 20369K, committed 21696K, reserved 1048576K
}

