# JRE version: OpenJDK Runtime Environment (21.0.6) (build 21.0.6+-13368085-b895.109)
# Java VM: OpenJDK 64-Bit Server VM (21.0.6+-13368085-b895.109, mixed mode, tiered, compressed oops, compressed class ptrs, g1 gc, windows-amd64)
GC Precious Log:
 CardTable entry size: 512
 Card Set container configuration: InlinePtr #cards 5 size 8 Array Of Cards #cards 12 size 40 Howl #buckets 4 coarsen threshold 1843 Howl Bitmap #cards 512 size 80 coarsen threshold 460 Card regions per heap region 1 cards per card region 2048
 CPUs: 8 total, 8 available
 Memory: 6091M
 Large Page Support: Disabled
 NUMA Support: Disabled
 Compressed Oops: Enabled (32-bit)
 Heap Region Size: 1M
 Heap Min Capacity: 8M
 Heap Initial Capacity: 96M
 Heap Max Capacity: 1524M
 Pre-touch: Disabled
 Parallel Workers: 8
 Concurrent Workers: 2
 Concurrent Refinement Workers: 8
 Periodic GC: Disabled
Heap:
 garbage-first heap   total 146432K, used 104960K [0x00000000a0c00000, 0x0000000100000000)
  region size 1024K, 33 young (33792K), 4 survivors (4096K)
 Metaspace       used 61946K, committed 62272K, reserved 1114112K
  class space    used 6907K, committed 7040K, reserved 1048576K
GC Heap History (20 events):
Event: 4.891 GC heap before
{Heap before GC invocations=12 (full 0):
 garbage-first heap   total 49152K, used 41760K [0x00000000a0c00000, 0x0000000100000000)
  region size 1024K, 18 young (18432K), 2 survivors (2048K)
 Metaspace       used 48813K, committed 49152K, reserved 1114112K
  class space    used 5565K, committed 5696K, reserved 1048576K
}
Event: 4.901 GC heap after
{Heap after GC invocations=13 (full 0):
 garbage-first heap   total 59392K, used 27972K [0x00000000a0c00000, 0x0000000100000000)
  region size 1024K, 3 young (3072K), 3 survivors (3072K)
 Metaspace       used 48813K, committed 49152K, reserved 1114112K
  class space    used 5565K, committed 5696K, reserved 1048576K
}
Event: 5.181 GC heap before
{Heap before GC invocations=14 (full 0):
 garbage-first heap   total 59392K, used 49476K [0x00000000a0c00000, 0x0000000100000000)
  region size 1024K, 24 young (24576K), 3 survivors (3072K)
 Metaspace       used 49194K, committed 49536K, reserved 1114112K
  class space    used 5607K, committed 5760K, reserved 1048576K
}
Event: 5.202 GC heap after
{Heap after GC invocations=15 (full 0):
 garbage-first heap   total 61440K, used 36739K [0x00000000a0c00000, 0x0000000100000000)
  region size 1024K, 3 young (3072K), 3 survivors (3072K)
 Metaspace       used 49194K, committed 49536K, reserved 1114112K
  class space    used 5607K, committed 5760K, reserved 1048576K
}
Event: 5.373 GC heap before
{Heap before GC invocations=15 (full 0):
 garbage-first heap   total 61440K, used 52099K [0x00000000a0c00000, 0x0000000100000000)
  region size 1024K, 18 young (18432K), 3 survivors (3072K)
 Metaspace       used 49441K, committed 49728K, reserved 1114112K
  class space    used 5625K, committed 5760K, reserved 1048576K
}
Event: 5.389 GC heap after
{Heap after GC invocations=16 (full 0):
 garbage-first heap   total 61440K, used 41984K [0x00000000a0c00000, 0x0000000100000000)
  region size 1024K, 3 young (3072K), 3 survivors (3072K)
 Metaspace       used 49441K, committed 49728K, reserved 1114112K
  class space    used 5625K, committed 5760K, reserved 1048576K
}
Event: 5.576 GC heap before
{Heap before GC invocations=16 (full 0):
 garbage-first heap   total 61440K, used 52224K [0x00000000a0c00000, 0x0000000100000000)
  region size 1024K, 13 young (13312K), 3 survivors (3072K)
 Metaspace       used 49951K, committed 50304K, reserved 1114112K
  class space    used 5659K, committed 5824K, reserved 1048576K
}
Event: 5.587 GC heap after
{Heap after GC invocations=17 (full 0):
 garbage-first heap   total 61440K, used 45056K [0x00000000a0c00000, 0x0000000100000000)
  region size 1024K, 2 young (2048K), 2 survivors (2048K)
 Metaspace       used 49951K, committed 50304K, reserved 1114112K
  class space    used 5659K, committed 5824K, reserved 1048576K
}
Event: 5.900 GC heap before
{Heap before GC invocations=18 (full 0):
 garbage-first heap   total 75776K, used 54272K [0x00000000a0c00000, 0x0000000100000000)
  region size 1024K, 11 young (11264K), 2 survivors (2048K)
 Metaspace       used 51447K, committed 51776K, reserved 1114112K
  class space    used 5859K, committed 6016K, reserved 1048576K
}
Event: 5.909 GC heap after
{Heap after GC invocations=19 (full 0):
 garbage-first heap   total 75776K, used 46965K [0x00000000a0c00000, 0x0000000100000000)
  region size 1024K, 2 young (2048K), 2 survivors (2048K)
 Metaspace       used 51447K, committed 51776K, reserved 1114112K
  class space    used 5859K, committed 6016K, reserved 1048576K
}
Event: 6.161 GC heap before
{Heap before GC invocations=19 (full 0):
 garbage-first heap   total 75776K, used 62325K [0x00000000a0c00000, 0x0000000100000000)
  region size 1024K, 17 young (17408K), 2 survivors (2048K)
 Metaspace       used 53107K, committed 53376K, reserved 1114112K
  class space    used 6029K, committed 6144K, reserved 1048576K
}
Event: 6.171 GC heap after
{Heap after GC invocations=20 (full 0):
 garbage-first heap   total 117760K, used 50176K [0x00000000a0c00000, 0x0000000100000000)
  region size 1024K, 3 young (3072K), 3 survivors (3072K)
 Metaspace       used 53107K, committed 53376K, reserved 1114112K
  class space    used 6029K, committed 6144K, reserved 1048576K
}
Event: 7.065 GC heap before
{Heap before GC invocations=20 (full 0):
 garbage-first heap   total 117760K, used 87040K [0x00000000a0c00000, 0x0000000100000000)
  region size 1024K, 40 young (40960K), 3 survivors (3072K)
 Metaspace       used 55285K, committed 55616K, reserved 1114112K
  class space    used 6270K, committed 6400K, reserved 1048576K
}
Event: 7.088 GC heap after
{Heap after GC invocations=21 (full 0):
 garbage-first heap   total 117760K, used 59275K [0x00000000a0c00000, 0x0000000100000000)
  region size 1024K, 5 young (5120K), 5 survivors (5120K)
 Metaspace       used 55285K, committed 55616K, reserved 1114112K
  class space    used 6270K, committed 6400K, reserved 1048576K
}
Event: 7.660 GC heap before
{Heap before GC invocations=21 (full 0):
 garbage-first heap   total 117760K, used 91019K [0x00000000a0c00000, 0x0000000100000000)
  region size 1024K, 36 young (36864K), 5 survivors (5120K)
 Metaspace       used 56388K, committed 56704K, reserved 1114112K
  class space    used 6360K, committed 6528K, reserved 1048576K
}
Event: 7.680 GC heap after
{Heap after GC invocations=22 (full 0):
 garbage-first heap   total 117760K, used 67584K [0x00000000a0c00000, 0x0000000100000000)
  region size 1024K, 5 young (5120K), 5 survivors (5120K)
 Metaspace       used 56388K, committed 56704K, reserved 1114112K
  class space    used 6360K, committed 6528K, reserved 1048576K
}
Event: 8.480 GC heap before
{Heap before GC invocations=22 (full 0):
 garbage-first heap   total 117760K, used 95232K [0x00000000a0c00000, 0x0000000100000000)
  region size 1024K, 32 young (32768K), 5 survivors (5120K)
 Metaspace       used 57485K, committed 57792K, reserved 1114112K
  class space    used 6406K, committed 6528K, reserved 1048576K
}
Event: 8.501 GC heap after
{Heap after GC invocations=23 (full 0):
 garbage-first heap   total 117760K, used 72704K [0x00000000a0c00000, 0x0000000100000000)
  region size 1024K, 4 young (4096K), 4 survivors (4096K)
 Metaspace       used 57485K, committed 57792K, reserved 1114112K
  class space    used 6406K, committed 6528K, reserved 1048576K
}
Event: 9.414 GC heap before
{Heap before GC invocations=23 (full 0):
 garbage-first heap   total 117760K, used 99328K [0x00000000a0c00000, 0x0000000100000000)
  region size 1024K, 30 young (30720K), 4 survivors (4096K)
 Metaspace       used 61495K, committed 61888K, reserved 1114112K
  class space    used 6886K, committed 7040K, reserved 1048576K
}
Event: 9.435 GC heap after
{Heap after GC invocations=24 (full 0):
 garbage-first heap   total 146432K, used 77312K [0x00000000a0c00000, 0x0000000100000000)
  region size 1024K, 4 young (4096K), 4 survivors (4096K)
 Metaspace       used 61495K, committed 61888K, reserved 1114112K
  class space    used 6886K, committed 7040K, reserved 1048576K
}

