# JRE version: OpenJDK Runtime Environment (21.0.6) (build 21.0.6+-13368085-b895.109)
# Java VM: OpenJDK 64-Bit Server VM (21.0.6+-13368085-b895.109, mixed mode, tiered, compressed oops, compressed class ptrs, g1 gc, windows-amd64)
GC Precious Log:
 CardTable entry size: 512
 Card Set container configuration: InlinePtr #cards 4 size 8 Array Of Cards #cards 16 size 48 Howl #buckets 8 coarsen threshold 3686 Howl Bitmap #cards 512 size 80 coarsen threshold 460 Card regions per heap region 1 cards per card region 4096
 CPUs: 8 total, 8 available
 Memory: 6091M
 Large Page Support: Disabled
 NUMA Support: Disabled
 Compressed Oops: Enabled (Zero based)
 Heap Region Size: 2M
 Heap Min Capacity: 8M
 Heap Initial Capacity: 96M
 Heap Max Capacity: 3G
 Pre-touch: Disabled
 Parallel Workers: 8
 Concurrent Workers: 2
 Concurrent Refinement Workers: 8
 Periodic GC: Disabled
Heap:
 garbage-first heap   total 428032K, used 368640K [0x0000000740000000, 0x0000000800000000)
  region size 2048K, 3 young (6144K), 3 survivors (6144K)
 Metaspace       used 122469K, committed 124736K, reserved 1179648K
  class space    used 16838K, committed 17984K, reserved 1048576K
GC Heap History (20 events):
Event: 30.314 GC heap after
{Heap after GC invocations=44 (full 0):
 garbage-first heap   total 190464K, used 114324K [0x0000000740000000, 0x0000000800000000)
  region size 2048K, 3 young (6144K), 3 survivors (6144K)
 Metaspace       used 114543K, committed 116736K, reserved 1179648K
  class space    used 15583K, committed 16704K, reserved 1048576K
}
Event: 31.096 GC heap before
{Heap before GC invocations=45 (full 0):
 garbage-first heap   total 192512K, used 169620K [0x0000000740000000, 0x0000000800000000)
  region size 2048K, 31 young (63488K), 3 survivors (6144K)
 Metaspace       used 114811K, committed 116992K, reserved 1179648K
  class space    used 15622K, committed 16768K, reserved 1048576K
}
Event: 31.106 GC heap after
{Heap after GC invocations=46 (full 0):
 garbage-first heap   total 192512K, used 116969K [0x0000000740000000, 0x0000000800000000)
  region size 2048K, 4 young (8192K), 4 survivors (8192K)
 Metaspace       used 114811K, committed 116992K, reserved 1179648K
  class space    used 15622K, committed 16768K, reserved 1048576K
}
Event: 31.650 GC heap before
{Heap before GC invocations=46 (full 0):
 garbage-first heap   total 192512K, used 188649K [0x0000000740000000, 0x0000000800000000)
  region size 2048K, 23 young (47104K), 4 survivors (8192K)
 Metaspace       used 115263K, committed 117504K, reserved 1179648K
  class space    used 15684K, committed 16832K, reserved 1048576K
}
Event: 31.674 GC heap after
{Heap after GC invocations=47 (full 0):
 garbage-first heap   total 221184K, used 171324K [0x0000000740000000, 0x0000000800000000)
  region size 2048K, 4 young (8192K), 4 survivors (8192K)
 Metaspace       used 115263K, committed 117504K, reserved 1179648K
  class space    used 15684K, committed 16832K, reserved 1048576K
}
Event: 31.883 GC heap before
{Heap before GC invocations=47 (full 0):
 garbage-first heap   total 221184K, used 193852K [0x0000000740000000, 0x0000000800000000)
  region size 2048K, 16 young (32768K), 4 survivors (8192K)
 Metaspace       used 115775K, committed 118016K, reserved 1179648K
  class space    used 15749K, committed 16896K, reserved 1048576K
}
Event: 31.890 GC heap after
{Heap after GC invocations=48 (full 0):
 garbage-first heap   total 266240K, used 173326K [0x0000000740000000, 0x0000000800000000)
  region size 2048K, 1 young (2048K), 1 survivors (2048K)
 Metaspace       used 115775K, committed 118016K, reserved 1179648K
  class space    used 15749K, committed 16896K, reserved 1048576K
}
Event: 33.062 GC heap before
{Heap before GC invocations=49 (full 0):
 garbage-first heap   total 290816K, used 265486K [0x0000000740000000, 0x0000000800000000)
  region size 2048K, 33 young (67584K), 1 survivors (2048K)
 Metaspace       used 119189K, committed 121408K, reserved 1179648K
  class space    used 16220K, committed 17344K, reserved 1048576K
}
Event: 33.070 GC heap after
{Heap after GC invocations=50 (full 0):
 garbage-first heap   total 290816K, used 193451K [0x0000000740000000, 0x0000000800000000)
  region size 2048K, 5 young (10240K), 5 survivors (10240K)
 Metaspace       used 119189K, committed 121408K, reserved 1179648K
  class space    used 16220K, committed 17344K, reserved 1048576K
}
Event: 33.240 GC heap before
{Heap before GC invocations=50 (full 0):
 garbage-first heap   total 290816K, used 287659K [0x0000000740000000, 0x0000000800000000)
  region size 2048K, 27 young (55296K), 5 survivors (10240K)
 Metaspace       used 119413K, committed 121600K, reserved 1179648K
  class space    used 16253K, committed 17408K, reserved 1048576K
}
Event: 33.259 GC heap after
{Heap after GC invocations=51 (full 0):
 garbage-first heap   total 319488K, used 232692K [0x0000000740000000, 0x0000000800000000)
  region size 2048K, 5 young (10240K), 5 survivors (10240K)
 Metaspace       used 119413K, committed 121600K, reserved 1179648K
  class space    used 16253K, committed 17408K, reserved 1048576K
}
Event: 34.115 GC heap before
{Heap before GC invocations=51 (full 0):
 garbage-first heap   total 319488K, used 283892K [0x0000000740000000, 0x0000000800000000)
  region size 2048K, 31 young (63488K), 5 survivors (10240K)
 Metaspace       used 119560K, committed 121728K, reserved 1179648K
  class space    used 16269K, committed 17408K, reserved 1048576K
}
Event: 34.145 GC heap after
{Heap after GC invocations=52 (full 0):
 garbage-first heap   total 319488K, used 253651K [0x0000000740000000, 0x0000000800000000)
  region size 2048K, 4 young (8192K), 4 survivors (8192K)
 Metaspace       used 119560K, committed 121728K, reserved 1179648K
  class space    used 16269K, committed 17408K, reserved 1048576K
}
Event: 34.456 GC heap before
{Heap before GC invocations=53 (full 0):
 garbage-first heap   total 428032K, used 292563K [0x0000000740000000, 0x0000000800000000)
  region size 2048K, 21 young (43008K), 4 survivors (8192K)
 Metaspace       used 119578K, committed 121792K, reserved 1179648K
  class space    used 16270K, committed 17408K, reserved 1048576K
}
Event: 34.490 GC heap after
{Heap after GC invocations=54 (full 0):
 garbage-first heap   total 428032K, used 271361K [0x0000000740000000, 0x0000000800000000)
  region size 2048K, 3 young (6144K), 3 survivors (6144K)
 Metaspace       used 119578K, committed 121792K, reserved 1179648K
  class space    used 16270K, committed 17408K, reserved 1048576K
}
Event: 35.510 GC heap before
{Heap before GC invocations=54 (full 0):
 garbage-first heap   total 428032K, used 367617K [0x0000000740000000, 0x0000000800000000)
  region size 2048K, 47 young (96256K), 3 survivors (6144K)
 Metaspace       used 122046K, committed 124288K, reserved 1179648K
  class space    used 16811K, committed 17920K, reserved 1048576K
}
Event: 35.580 GC heap after
{Heap after GC invocations=55 (full 0):
 garbage-first heap   total 428032K, used 311932K [0x0000000740000000, 0x0000000800000000)
  region size 2048K, 6 young (12288K), 6 survivors (12288K)
 Metaspace       used 122046K, committed 124288K, reserved 1179648K
  class space    used 16811K, committed 17920K, reserved 1048576K
}
Event: 35.989 GC heap before
{Heap before GC invocations=55 (full 0):
 garbage-first heap   total 428032K, used 373372K [0x0000000740000000, 0x0000000800000000)
  region size 2048K, 36 young (73728K), 6 survivors (12288K)
 Metaspace       used 122416K, committed 124672K, reserved 1179648K
  class space    used 16837K, committed 17984K, reserved 1048576K
}
Event: 36.062 GC heap after
{Heap after GC invocations=56 (full 0):
 garbage-first heap   total 428032K, used 345623K [0x0000000740000000, 0x0000000800000000)
  region size 2048K, 5 young (10240K), 5 survivors (10240K)
 Metaspace       used 122416K, committed 124672K, reserved 1179648K
  class space    used 16837K, committed 17984K, reserved 1048576K
}
Event: 36.374 GC heap before
{Heap before GC invocations=56 (full 0):
 garbage-first heap   total 428032K, used 384535K [0x0000000740000000, 0x0000000800000000)
  region size 2048K, 24 young (49152K), 5 survivors (10240K)
 Metaspace       used 122469K, committed 124736K, reserved 1179648K
  class space    used 16838K, committed 17984K, reserved 1048576K
}

