# JRE version: OpenJDK Runtime Environment (21.0.6) (build 21.0.6+-13368085-b895.109)
# Java VM: OpenJDK 64-Bit Server VM (21.0.6+-13368085-b895.109, mixed mode, tiered, compressed oops, compressed class ptrs, g1 gc, windows-amd64)
GC Precious Log:
 CardTable entry size: 512
 Card Set container configuration: InlinePtr #cards 4 size 8 Array Of Cards #cards 16 size 48 Howl #buckets 8 coarsen threshold 3686 Howl Bitmap #cards 512 size 80 coarsen threshold 460 Card regions per heap region 1 cards per card region 4096
 CPUs: 8 total, 8 available
 Memory: 6091M
 Large Page Support: Disabled
 NUMA Support: Disabled
 Compressed Oops: Enabled (Zero based)
 Heap Region Size: 2M
 Heap Min Capacity: 8M
 Heap Initial Capacity: 96M
 Heap Max Capacity: 3G
 Pre-touch: Disabled
 Parallel Workers: 8
 Concurrent Workers: 2
 Concurrent Refinement Workers: 8
 Periodic GC: Disabled
Heap:
 garbage-first heap   total 405504K, used 318687K [0x0000000740000000, 0x0000000800000000)
  region size 2048K, 17 young (34816K), 4 survivors (8192K)
 Metaspace       used 129511K, committed 131776K, reserved 1179648K
  class space    used 17191K, committed 18368K, reserved 1048576K
GC Heap History (20 events):
Event: 74.510 GC heap before
{Heap before GC invocations=48 (full 0):
 garbage-first heap   total 274432K, used 245510K [0x0000000740000000, 0x0000000800000000)
  region size 2048K, 31 young (63488K), 3 survivors (6144K)
 Metaspace       used 116322K, committed 118528K, reserved 1179648K
  class space    used 15721K, committed 16832K, reserved 1048576K
}
Event: 74.523 GC heap after
{Heap after GC invocations=49 (full 0):
 garbage-first heap   total 274432K, used 169532K [0x0000000740000000, 0x0000000800000000)
  region size 2048K, 3 young (6144K), 3 survivors (6144K)
 Metaspace       used 116322K, committed 118528K, reserved 1179648K
  class space    used 15721K, committed 16832K, reserved 1048576K
}
Event: 75.429 GC heap before
{Heap before GC invocations=49 (full 0):
 garbage-first heap   total 274432K, used 235068K [0x0000000740000000, 0x0000000800000000)
  region size 2048K, 36 young (73728K), 3 survivors (6144K)
 Metaspace       used 119544K, committed 121728K, reserved 1179648K
  class space    used 16005K, committed 17088K, reserved 1048576K
}
Event: 75.444 GC heap after
{Heap after GC invocations=50 (full 0):
 garbage-first heap   total 274432K, used 177763K [0x0000000740000000, 0x0000000800000000)
  region size 2048K, 5 young (10240K), 5 survivors (10240K)
 Metaspace       used 119544K, committed 121728K, reserved 1179648K
  class space    used 16005K, committed 17088K, reserved 1048576K
}
Event: 76.139 GC heap before
{Heap before GC invocations=50 (full 0):
 garbage-first heap   total 274432K, used 241251K [0x0000000740000000, 0x0000000800000000)
  region size 2048K, 36 young (73728K), 5 survivors (10240K)
 Metaspace       used 119977K, committed 122240K, reserved 1179648K
  class space    used 16035K, committed 17152K, reserved 1048576K
}
Event: 76.149 GC heap after
{Heap after GC invocations=51 (full 0):
 garbage-first heap   total 274432K, used 179617K [0x0000000740000000, 0x0000000800000000)
  region size 2048K, 1 young (2048K), 1 survivors (2048K)
 Metaspace       used 119977K, committed 122240K, reserved 1179648K
  class space    used 16035K, committed 17152K, reserved 1048576K
}
Event: 77.076 GC heap before
{Heap before GC invocations=52 (full 0):
 garbage-first heap   total 325632K, used 257441K [0x0000000740000000, 0x0000000800000000)
  region size 2048K, 33 young (67584K), 1 survivors (2048K)
 Metaspace       used 120572K, committed 122816K, reserved 1179648K
  class space    used 16082K, committed 17216K, reserved 1048576K
}
Event: 77.083 GC heap after
{Heap after GC invocations=53 (full 0):
 garbage-first heap   total 325632K, used 168263K [0x0000000740000000, 0x0000000800000000)
  region size 2048K, 3 young (6144K), 3 survivors (6144K)
 Metaspace       used 120572K, committed 122816K, reserved 1179648K
  class space    used 16082K, committed 17216K, reserved 1048576K
}
Event: 78.828 GC heap before
{Heap before GC invocations=53 (full 0):
 garbage-first heap   total 325632K, used 291143K [0x0000000740000000, 0x0000000800000000)
  region size 2048K, 60 young (122880K), 3 survivors (6144K)
 Metaspace       used 123140K, committed 125440K, reserved 1179648K
  class space    used 16361K, committed 17536K, reserved 1048576K
}
Event: 78.836 GC heap after
{Heap after GC invocations=54 (full 0):
 garbage-first heap   total 325632K, used 167031K [0x0000000740000000, 0x0000000800000000)
  region size 2048K, 4 young (8192K), 4 survivors (8192K)
 Metaspace       used 123140K, committed 125440K, reserved 1179648K
  class space    used 16361K, committed 17536K, reserved 1048576K
}
Event: 80.318 GC heap before
{Heap before GC invocations=54 (full 0):
 garbage-first heap   total 325632K, used 289911K [0x0000000740000000, 0x0000000800000000)
  region size 2048K, 65 young (133120K), 4 survivors (8192K)
 Metaspace       used 124482K, committed 126720K, reserved 1179648K
  class space    used 16514K, committed 17664K, reserved 1048576K
}
Event: 80.335 GC heap after
{Heap after GC invocations=55 (full 0):
 garbage-first heap   total 325632K, used 153939K [0x0000000740000000, 0x0000000800000000)
  region size 2048K, 8 young (16384K), 8 survivors (16384K)
 Metaspace       used 124482K, committed 126720K, reserved 1179648K
  class space    used 16514K, committed 17664K, reserved 1048576K
}
Event: 81.504 GC heap before
{Heap before GC invocations=55 (full 0):
 garbage-first heap   total 325632K, used 268627K [0x0000000740000000, 0x0000000800000000)
  region size 2048K, 53 young (108544K), 8 survivors (16384K)
 Metaspace       used 125685K, committed 127936K, reserved 1179648K
  class space    used 16648K, committed 17792K, reserved 1048576K
}
Event: 81.524 GC heap after
{Heap after GC invocations=56 (full 0):
 garbage-first heap   total 325632K, used 197843K [0x0000000740000000, 0x0000000800000000)
  region size 2048K, 9 young (18432K), 9 survivors (18432K)
 Metaspace       used 125685K, committed 127936K, reserved 1179648K
  class space    used 16648K, committed 17792K, reserved 1048576K
}
Event: 82.304 GC heap before
{Heap before GC invocations=57 (full 0):
 garbage-first heap   total 354304K, used 351443K [0x0000000740000000, 0x0000000800000000)
  region size 2048K, 47 young (96256K), 9 survivors (18432K)
 Metaspace       used 129185K, committed 131456K, reserved 1179648K
  class space    used 17148K, committed 18304K, reserved 1048576K
}
Event: 82.323 GC heap after
{Heap after GC invocations=58 (full 0):
 garbage-first heap   total 395264K, used 259649K [0x0000000740000000, 0x0000000800000000)
  region size 2048K, 7 young (14336K), 7 survivors (14336K)
 Metaspace       used 129185K, committed 131456K, reserved 1179648K
  class space    used 17148K, committed 18304K, reserved 1048576K
}
Event: 83.042 GC heap before
{Heap before GC invocations=58 (full 0):
 garbage-first heap   total 395264K, used 353857K [0x0000000740000000, 0x0000000800000000)
  region size 2048K, 48 young (98304K), 7 survivors (14336K)
 Metaspace       used 129507K, committed 131776K, reserved 1179648K
  class space    used 17191K, committed 18368K, reserved 1048576K
}
Event: 83.085 GC heap after
{Heap after GC invocations=59 (full 0):
 garbage-first heap   total 405504K, used 283628K [0x0000000740000000, 0x0000000800000000)
  region size 2048K, 6 young (12288K), 6 survivors (12288K)
 Metaspace       used 129507K, committed 131776K, reserved 1179648K
  class space    used 17191K, committed 18368K, reserved 1048576K
}
Event: 83.192 GC heap before
{Heap before GC invocations=59 (full 0):
 garbage-first heap   total 405504K, used 297964K [0x0000000740000000, 0x0000000800000000)
  region size 2048K, 14 young (28672K), 6 survivors (12288K)
 Metaspace       used 129507K, committed 131776K, reserved 1179648K
  class space    used 17191K, committed 18368K, reserved 1048576K
}
Event: 83.218 GC heap after
{Heap after GC invocations=60 (full 0):
 garbage-first heap   total 405504K, used 292063K [0x0000000740000000, 0x0000000800000000)
  region size 2048K, 4 young (8192K), 4 survivors (8192K)
 Metaspace       used 129507K, committed 131776K, reserved 1179648K
  class space    used 17191K, committed 18368K, reserved 1048576K
}

