# JRE version: OpenJDK Runtime Environment (21.0.6) (build 21.0.6+-13368085-b895.109)
# Java VM: OpenJDK 64-Bit Server VM (21.0.6+-13368085-b895.109, mixed mode, tiered, compressed oops, compressed class ptrs, g1 gc, windows-amd64)
GC Precious Log:
 CardTable entry size: 512
 Card Set container configuration: InlinePtr #cards 5 size 8 Array Of Cards #cards 12 size 40 Howl #buckets 4 coarsen threshold 1843 Howl Bitmap #cards 512 size 80 coarsen threshold 460 Card regions per heap region 1 cards per card region 2048
 CPUs: 8 total, 8 available
 Memory: 6091M
 Large Page Support: Disabled
 NUMA Support: Disabled
 Compressed Oops: Enabled (32-bit)
 Heap Region Size: 1M
 Heap Min Capacity: 8M
 Heap Initial Capacity: 96M
 Heap Max Capacity: 1524M
 Pre-touch: Disabled
 Parallel Workers: 8
 Concurrent Workers: 2
 Concurrent Refinement Workers: 8
 Periodic GC: Disabled
Heap:
 garbage-first heap   total 70656K, used 45989K [0x00000000a0c00000, 0x0000000100000000)
  region size 1024K, 2 young (2048K), 2 survivors (2048K)
 Metaspace       used 50705K, committed 51008K, reserved 1114112K
  class space    used 5768K, committed 5888K, reserved 1048576K
GC Heap History (20 events):
Event: 5.597 GC heap after
{Heap after GC invocations=7 (full 0):
 garbage-first heap   total 35840K, used 19161K [0x00000000a0c00000, 0x0000000100000000)
  region size 1024K, 2 young (2048K), 2 survivors (2048K)
 Metaspace       used 30441K, committed 30656K, reserved 1114112K
  class space    used 3291K, committed 3392K, reserved 1048576K
}
Event: 6.418 GC heap before
{Heap before GC invocations=8 (full 0):
 garbage-first heap   total 35840K, used 27353K [0x00000000a0c00000, 0x0000000100000000)
  region size 1024K, 11 young (11264K), 2 survivors (2048K)
 Metaspace       used 33410K, committed 33664K, reserved 1114112K
  class space    used 4056K, committed 4160K, reserved 1048576K
}
Event: 6.424 GC heap after
{Heap after GC invocations=9 (full 0):
 garbage-first heap   total 51200K, used 19821K [0x00000000a0c00000, 0x0000000100000000)
  region size 1024K, 2 young (2048K), 2 survivors (2048K)
 Metaspace       used 33410K, committed 33664K, reserved 1114112K
  class space    used 4056K, committed 4160K, reserved 1048576K
}
Event: 7.479 GC heap before
{Heap before GC invocations=9 (full 0):
 garbage-first heap   total 51200K, used 39277K [0x00000000a0c00000, 0x0000000100000000)
  region size 1024K, 22 young (22528K), 2 survivors (2048K)
 Metaspace       used 37816K, committed 38144K, reserved 1114112K
  class space    used 4506K, committed 4672K, reserved 1048576K
}
Event: 7.488 GC heap after
{Heap after GC invocations=10 (full 0):
 garbage-first heap   total 51200K, used 21248K [0x00000000a0c00000, 0x0000000100000000)
  region size 1024K, 3 young (3072K), 3 survivors (3072K)
 Metaspace       used 37816K, committed 38144K, reserved 1114112K
  class space    used 4506K, committed 4672K, reserved 1048576K
}
Event: 9.383 GC heap before
{Heap before GC invocations=10 (full 0):
 garbage-first heap   total 51200K, used 40704K [0x00000000a0c00000, 0x0000000100000000)
  region size 1024K, 23 young (23552K), 3 survivors (3072K)
 Metaspace       used 42858K, committed 43136K, reserved 1114112K
  class space    used 4976K, committed 5120K, reserved 1048576K
}
Event: 9.400 GC heap after
{Heap after GC invocations=11 (full 0):
 garbage-first heap   total 51200K, used 23495K [0x00000000a0c00000, 0x0000000100000000)
  region size 1024K, 3 young (3072K), 3 survivors (3072K)
 Metaspace       used 42858K, committed 43136K, reserved 1114112K
  class space    used 4976K, committed 5120K, reserved 1048576K
}
Event: 10.800 GC heap before
{Heap before GC invocations=11 (full 0):
 garbage-first heap   total 51200K, used 41927K [0x00000000a0c00000, 0x0000000100000000)
  region size 1024K, 22 young (22528K), 3 survivors (3072K)
 Metaspace       used 47394K, committed 47680K, reserved 1114112K
  class space    used 5438K, committed 5568K, reserved 1048576K
}
Event: 10.814 GC heap after
{Heap after GC invocations=12 (full 0):
 garbage-first heap   total 51200K, used 25647K [0x00000000a0c00000, 0x0000000100000000)
  region size 1024K, 2 young (2048K), 2 survivors (2048K)
 Metaspace       used 47394K, committed 47680K, reserved 1114112K
  class space    used 5438K, committed 5568K, reserved 1048576K
}
Event: 12.112 GC heap before
{Heap before GC invocations=12 (full 0):
 garbage-first heap   total 51200K, used 44079K [0x00000000a0c00000, 0x0000000100000000)
  region size 1024K, 20 young (20480K), 2 survivors (2048K)
 Metaspace       used 48916K, committed 49216K, reserved 1114112K
  class space    used 5565K, committed 5696K, reserved 1048576K
}
Event: 12.141 GC heap after
{Heap after GC invocations=13 (full 0):
 garbage-first heap   total 51200K, used 30648K [0x00000000a0c00000, 0x0000000100000000)
  region size 1024K, 3 young (3072K), 3 survivors (3072K)
 Metaspace       used 48916K, committed 49216K, reserved 1114112K
  class space    used 5565K, committed 5696K, reserved 1048576K
}
Event: 12.797 GC heap before
{Heap before GC invocations=14 (full 0):
 garbage-first heap   total 51200K, used 43960K [0x00000000a0c00000, 0x0000000100000000)
  region size 1024K, 15 young (15360K), 3 survivors (3072K)
 Metaspace       used 49179K, committed 49472K, reserved 1114112K
  class space    used 5603K, committed 5760K, reserved 1048576K
}
Event: 12.825 GC heap after
{Heap after GC invocations=15 (full 0):
 garbage-first heap   total 51200K, used 35783K [0x00000000a0c00000, 0x0000000100000000)
  region size 1024K, 2 young (2048K), 2 survivors (2048K)
 Metaspace       used 49179K, committed 49472K, reserved 1114112K
  class space    used 5603K, committed 5760K, reserved 1048576K
}
Event: 13.100 GC heap before
{Heap before GC invocations=15 (full 0):
 garbage-first heap   total 51200K, used 43975K [0x00000000a0c00000, 0x0000000100000000)
  region size 1024K, 10 young (10240K), 2 survivors (2048K)
 Metaspace       used 49238K, committed 49536K, reserved 1114112K
  class space    used 5603K, committed 5760K, reserved 1048576K
}
Event: 13.116 GC heap after
{Heap after GC invocations=16 (full 0):
 garbage-first heap   total 51200K, used 38692K [0x00000000a0c00000, 0x0000000100000000)
  region size 1024K, 2 young (2048K), 2 survivors (2048K)
 Metaspace       used 49238K, committed 49536K, reserved 1114112K
  class space    used 5603K, committed 5760K, reserved 1048576K
}
Event: 13.189 GC heap before
{Heap before GC invocations=16 (full 0):
 garbage-first heap   total 51200K, used 44836K [0x00000000a0c00000, 0x0000000100000000)
  region size 1024K, 8 young (8192K), 2 survivors (2048K)
 Metaspace       used 49265K, committed 49536K, reserved 1114112K
  class space    used 5605K, committed 5760K, reserved 1048576K
}
Event: 13.198 GC heap after
{Heap after GC invocations=17 (full 0):
 garbage-first heap   total 51200K, used 41582K [0x00000000a0c00000, 0x0000000100000000)
  region size 1024K, 1 young (1024K), 1 survivors (1024K)
 Metaspace       used 49265K, committed 49536K, reserved 1114112K
  class space    used 5605K, committed 5760K, reserved 1048576K
}
Event: 13.603 GC heap before
{Heap before GC invocations=18 (full 0):
 garbage-first heap   total 70656K, used 45678K [0x00000000a0c00000, 0x0000000100000000)
  region size 1024K, 5 young (5120K), 1 survivors (1024K)
 Metaspace       used 49481K, committed 49728K, reserved 1114112K
  class space    used 5625K, committed 5760K, reserved 1048576K
}
Event: 13.615 GC heap after
{Heap after GC invocations=19 (full 0):
 garbage-first heap   total 70656K, used 42951K [0x00000000a0c00000, 0x0000000100000000)
  region size 1024K, 1 young (1024K), 1 survivors (1024K)
 Metaspace       used 49481K, committed 49728K, reserved 1114112K
  class space    used 5625K, committed 5760K, reserved 1048576K
}
Event: 15.217 GC heap before
{Heap before GC invocations=19 (full 0):
 garbage-first heap   total 70656K, used 57287K [0x00000000a0c00000, 0x0000000100000000)
  region size 1024K, 15 young (15360K), 1 survivors (1024K)
 Metaspace       used 50705K, committed 51008K, reserved 1114112K
  class space    used 5768K, committed 5888K, reserved 1048576K
}

