# JRE version: OpenJDK Runtime Environment (21.0.6) (build 21.0.6+-13368085-b895.109)
# Java VM: OpenJDK 64-Bit Server VM (21.0.6+-13368085-b895.109, mixed mode, tiered, compressed oops, compressed class ptrs, g1 gc, windows-amd64)
GC Precious Log:
 CardTable entry size: 512
 Card Set container configuration: InlinePtr #cards 4 size 8 Array Of Cards #cards 16 size 48 Howl #buckets 8 coarsen threshold 3686 Howl Bitmap #cards 512 size 80 coarsen threshold 460 Card regions per heap region 1 cards per card region 4096
 CPUs: 8 total, 8 available
 Memory: 6091M
 Large Page Support: Disabled
 NUMA Support: Disabled
 Compressed Oops: Enabled (Zero based)
 Heap Region Size: 2M
 Heap Min Capacity: 8M
 Heap Initial Capacity: 96M
 Heap Max Capacity: 3G
 Pre-touch: Disabled
 Parallel Workers: 8
 Concurrent Workers: 2
 Concurrent Refinement Workers: 8
 Periodic GC: Disabled
Heap:
 garbage-first heap   total 219136K, used 167304K [0x0000000740000000, 0x0000000800000000)
  region size 2048K, 5 young (10240K), 3 survivors (6144K)
 Metaspace       used 116034K, committed 118272K, reserved 1179648K
  class space    used 15704K, committed 16832K, reserved 1048576K
GC Heap History (20 events):
Event: 34.552 GC heap before
{Heap before GC invocations=39 (full 0):
 garbage-first heap   total 157696K, used 138556K [0x0000000740000000, 0x0000000800000000)
  region size 2048K, 23 young (47104K), 3 survivors (6144K)
 Metaspace       used 103277K, committed 105408K, reserved 1179648K
  class space    used 14159K, committed 15232K, reserved 1048576K
}
Event: 34.562 GC heap after
{Heap after GC invocations=40 (full 0):
 garbage-first heap   total 157696K, used 102589K [0x0000000740000000, 0x0000000800000000)
  region size 2048K, 3 young (6144K), 3 survivors (6144K)
 Metaspace       used 103277K, committed 105408K, reserved 1179648K
  class space    used 14159K, committed 15232K, reserved 1048576K
}
Event: 36.393 GC heap before
{Heap before GC invocations=41 (full 0):
 garbage-first heap   total 174080K, used 139453K [0x0000000740000000, 0x0000000800000000)
  region size 2048K, 21 young (43008K), 3 survivors (6144K)
 Metaspace       used 106106K, committed 108224K, reserved 1179648K
  class space    used 14567K, committed 15616K, reserved 1048576K
}
Event: 36.400 GC heap after
{Heap after GC invocations=42 (full 0):
 garbage-first heap   total 174080K, used 104933K [0x0000000740000000, 0x0000000800000000)
  region size 2048K, 2 young (4096K), 2 survivors (4096K)
 Metaspace       used 106106K, committed 108224K, reserved 1179648K
  class space    used 14567K, committed 15616K, reserved 1048576K
}
Event: 38.168 GC heap before
{Heap before GC invocations=42 (full 0):
 garbage-first heap   total 174080K, used 156133K [0x0000000740000000, 0x0000000800000000)
  region size 2048K, 27 young (55296K), 2 survivors (4096K)
 Metaspace       used 110270K, committed 112448K, reserved 1179648K
  class space    used 15130K, committed 16256K, reserved 1048576K
}
Event: 38.177 GC heap after
{Heap after GC invocations=43 (full 0):
 garbage-first heap   total 174080K, used 108418K [0x0000000740000000, 0x0000000800000000)
  region size 2048K, 3 young (6144K), 3 survivors (6144K)
 Metaspace       used 110270K, committed 112448K, reserved 1179648K
  class space    used 15130K, committed 16256K, reserved 1048576K
}
Event: 39.636 GC heap before
{Heap before GC invocations=43 (full 0):
 garbage-first heap   total 174080K, used 155522K [0x0000000740000000, 0x0000000800000000)
  region size 2048K, 26 young (53248K), 3 survivors (6144K)
 Metaspace       used 111700K, committed 113920K, reserved 1179648K
  class space    used 15319K, committed 16448K, reserved 1048576K
}
Event: 39.648 GC heap after
{Heap after GC invocations=44 (full 0):
 garbage-first heap   total 174080K, used 113563K [0x0000000740000000, 0x0000000800000000)
  region size 2048K, 4 young (8192K), 4 survivors (8192K)
 Metaspace       used 111700K, committed 113920K, reserved 1179648K
  class space    used 15319K, committed 16448K, reserved 1048576K
}
Event: 40.308 GC heap before
{Heap before GC invocations=45 (full 0):
 garbage-first heap   total 192512K, used 150427K [0x0000000740000000, 0x0000000800000000)
  region size 2048K, 23 young (47104K), 4 survivors (8192K)
 Metaspace       used 111723K, committed 113984K, reserved 1179648K
  class space    used 15320K, committed 16448K, reserved 1048576K
}
Event: 40.317 GC heap after
{Heap after GC invocations=46 (full 0):
 garbage-first heap   total 192512K, used 116556K [0x0000000740000000, 0x0000000800000000)
  region size 2048K, 2 young (4096K), 2 survivors (4096K)
 Metaspace       used 111723K, committed 113984K, reserved 1179648K
  class space    used 15320K, committed 16448K, reserved 1048576K
}
Event: 41.451 GC heap before
{Heap before GC invocations=46 (full 0):
 garbage-first heap   total 192512K, used 171852K [0x0000000740000000, 0x0000000800000000)
  region size 2048K, 30 young (61440K), 2 survivors (4096K)
 Metaspace       used 114950K, committed 117184K, reserved 1179648K
  class space    used 15650K, committed 16768K, reserved 1048576K
}
Event: 41.460 GC heap after
{Heap after GC invocations=47 (full 0):
 garbage-first heap   total 192512K, used 116585K [0x0000000740000000, 0x0000000800000000)
  region size 2048K, 3 young (6144K), 3 survivors (6144K)
 Metaspace       used 114950K, committed 117184K, reserved 1179648K
  class space    used 15650K, committed 16768K, reserved 1048576K
}
Event: 42.944 GC heap before
{Heap before GC invocations=47 (full 0):
 garbage-first heap   total 192512K, used 169833K [0x0000000740000000, 0x0000000800000000)
  region size 2048K, 30 young (61440K), 3 survivors (6144K)
 Metaspace       used 115420K, committed 117632K, reserved 1179648K
  class space    used 15650K, committed 16768K, reserved 1048576K
}
Event: 42.958 GC heap after
{Heap after GC invocations=48 (full 0):
 garbage-first heap   total 192512K, used 130154K [0x0000000740000000, 0x0000000800000000)
  region size 2048K, 4 young (8192K), 4 survivors (8192K)
 Metaspace       used 115420K, committed 117632K, reserved 1179648K
  class space    used 15650K, committed 16768K, reserved 1048576K
}
Event: 43.607 GC heap before
{Heap before GC invocations=49 (full 0):
 garbage-first heap   total 219136K, used 175210K [0x0000000740000000, 0x0000000800000000)
  region size 2048K, 24 young (49152K), 4 survivors (8192K)
 Metaspace       used 115432K, committed 117696K, reserved 1179648K
  class space    used 15650K, committed 16832K, reserved 1048576K
}
Event: 43.623 GC heap after
{Heap after GC invocations=50 (full 0):
 garbage-first heap   total 219136K, used 153059K [0x0000000740000000, 0x0000000800000000)
  region size 2048K, 3 young (6144K), 3 survivors (6144K)
 Metaspace       used 115432K, committed 117696K, reserved 1179648K
  class space    used 15650K, committed 16832K, reserved 1048576K
}
Event: 44.755 GC heap before
{Heap before GC invocations=50 (full 0):
 garbage-first heap   total 219136K, used 194019K [0x0000000740000000, 0x0000000800000000)
  region size 2048K, 21 young (43008K), 3 survivors (6144K)
 Metaspace       used 115929K, committed 118144K, reserved 1179648K
  class space    used 15697K, committed 16832K, reserved 1048576K
}
Event: 44.772 GC heap after
{Heap after GC invocations=51 (full 0):
 garbage-first heap   total 219136K, used 159569K [0x0000000740000000, 0x0000000800000000)
  region size 2048K, 3 young (6144K), 3 survivors (6144K)
 Metaspace       used 115929K, committed 118144K, reserved 1179648K
  class space    used 15697K, committed 16832K, reserved 1048576K
}
Event: 46.272 GC heap before
{Heap before GC invocations=51 (full 0):
 garbage-first heap   total 219136K, used 194385K [0x0000000740000000, 0x0000000800000000)
  region size 2048K, 20 young (40960K), 3 survivors (6144K)
 Metaspace       used 116033K, committed 118272K, reserved 1179648K
  class space    used 15704K, committed 16832K, reserved 1048576K
}
Event: 46.285 GC heap after
{Heap after GC invocations=52 (full 0):
 garbage-first heap   total 219136K, used 165256K [0x0000000740000000, 0x0000000800000000)
  region size 2048K, 3 young (6144K), 3 survivors (6144K)
 Metaspace       used 116033K, committed 118272K, reserved 1179648K
  class space    used 15704K, committed 16832K, reserved 1048576K
}

