# JRE version: OpenJDK Runtime Environment (21.0.6) (build 21.0.6+-13368085-b895.109)
# Java VM: OpenJDK 64-Bit Server VM (21.0.6+-13368085-b895.109, mixed mode, tiered, compressed oops, compressed class ptrs, g1 gc, windows-amd64)
GC Precious Log:
 CardTable entry size: 512
 Card Set container configuration: InlinePtr #cards 4 size 8 Array Of Cards #cards 16 size 48 Howl #buckets 8 coarsen threshold 3686 Howl Bitmap #cards 512 size 80 coarsen threshold 460 Card regions per heap region 1 cards per card region 4096
 CPUs: 8 total, 8 available
 Memory: 6091M
 Large Page Support: Disabled
 NUMA Support: Disabled
 Compressed Oops: Enabled (Zero based)
 Heap Region Size: 2M
 Heap Min Capacity: 8M
 Heap Initial Capacity: 96M
 Heap Max Capacity: 3G
 Pre-touch: Disabled
 Parallel Workers: 8
 Concurrent Workers: 2
 Concurrent Refinement Workers: 8
 Periodic GC: Disabled
Heap:
 garbage-first heap   total 296960K, used 215079K [0x0000000740000000, 0x0000000800000000)
  region size 2048K, 30 young (61440K), 3 survivors (6144K)
 Metaspace       used 121926K, committed 124096K, reserved 1179648K
  class space    used 16240K, committed 17344K, reserved 1048576K
GC Heap History (20 events):
Event: 28.529 GC heap before
{Heap before GC invocations=44 (full 0):
 garbage-first heap   total 172032K, used 153068K [0x0000000740000000, 0x0000000800000000)
  region size 2048K, 25 young (51200K), 2 survivors (4096K)
 Metaspace       used 112869K, committed 115072K, reserved 1179648K
  class space    used 15400K, committed 16512K, reserved 1048576K
}
Event: 28.536 GC heap after
{Heap after GC invocations=45 (full 0):
 garbage-first heap   total 206848K, used 110357K [0x0000000740000000, 0x0000000800000000)
  region size 2048K, 3 young (6144K), 3 survivors (6144K)
 Metaspace       used 112869K, committed 115072K, reserved 1179648K
  class space    used 15400K, committed 16512K, reserved 1048576K
}
Event: 30.227 GC heap before
{Heap before GC invocations=46 (full 0):
 garbage-first heap   total 206848K, used 184085K [0x0000000740000000, 0x0000000800000000)
  region size 2048K, 40 young (81920K), 3 survivors (6144K)
 Metaspace       used 113652K, committed 115840K, reserved 1179648K
  class space    used 15428K, committed 16512K, reserved 1048576K
}
Event: 30.244 GC heap after
{Heap after GC invocations=47 (full 0):
 garbage-first heap   total 212992K, used 130178K [0x0000000740000000, 0x0000000800000000)
  region size 2048K, 5 young (10240K), 5 survivors (10240K)
 Metaspace       used 113652K, committed 115840K, reserved 1179648K
  class space    used 15428K, committed 16512K, reserved 1048576K
}
Event: 31.210 GC heap before
{Heap before GC invocations=47 (full 0):
 garbage-first heap   total 212992K, used 187522K [0x0000000740000000, 0x0000000800000000)
  region size 2048K, 30 young (61440K), 5 survivors (10240K)
 Metaspace       used 114155K, committed 116352K, reserved 1179648K
  class space    used 15482K, committed 16576K, reserved 1048576K
}
Event: 31.232 GC heap after
{Heap after GC invocations=48 (full 0):
 garbage-first heap   total 221184K, used 152316K [0x0000000740000000, 0x0000000800000000)
  region size 2048K, 4 young (8192K), 4 survivors (8192K)
 Metaspace       used 114155K, committed 116352K, reserved 1179648K
  class space    used 15482K, committed 16576K, reserved 1048576K
}
Event: 31.252 GC heap before
{Heap before GC invocations=48 (full 0):
 garbage-first heap   total 221184K, used 152316K [0x0000000740000000, 0x0000000800000000)
  region size 2048K, 5 young (10240K), 4 survivors (8192K)
 Metaspace       used 114155K, committed 116352K, reserved 1179648K
  class space    used 15482K, committed 16576K, reserved 1048576K
}
Event: 31.260 GC heap after
{Heap after GC invocations=49 (full 0):
 garbage-first heap   total 221184K, used 154633K [0x0000000740000000, 0x0000000800000000)
  region size 2048K, 1 young (2048K), 1 survivors (2048K)
 Metaspace       used 114155K, committed 116352K, reserved 1179648K
  class space    used 15482K, committed 16576K, reserved 1048576K
}
Event: 32.231 GC heap before
{Heap before GC invocations=50 (full 0):
 garbage-first heap   total 266240K, used 197641K [0x0000000740000000, 0x0000000800000000)
  region size 2048K, 21 young (43008K), 1 survivors (2048K)
 Metaspace       used 114382K, committed 116544K, reserved 1179648K
  class space    used 15501K, committed 16576K, reserved 1048576K
}
Event: 32.241 GC heap after
{Heap after GC invocations=51 (full 0):
 garbage-first heap   total 266240K, used 160542K [0x0000000740000000, 0x0000000800000000)
  region size 2048K, 3 young (6144K), 3 survivors (6144K)
 Metaspace       used 114382K, committed 116544K, reserved 1179648K
  class space    used 15501K, committed 16576K, reserved 1048576K
}
Event: 33.183 GC heap before
{Heap before GC invocations=51 (full 0):
 garbage-first heap   total 266240K, used 254750K [0x0000000740000000, 0x0000000800000000)
  region size 2048K, 37 young (75776K), 3 survivors (6144K)
 Metaspace       used 115010K, committed 117120K, reserved 1179648K
  class space    used 15566K, committed 16640K, reserved 1048576K
}
Event: 33.199 GC heap after
{Heap after GC invocations=52 (full 0):
 garbage-first heap   total 276480K, used 167660K [0x0000000740000000, 0x0000000800000000)
  region size 2048K, 5 young (10240K), 5 survivors (10240K)
 Metaspace       used 115010K, committed 117120K, reserved 1179648K
  class space    used 15566K, committed 16640K, reserved 1048576K
}
Event: 33.986 GC heap before
{Heap before GC invocations=52 (full 0):
 garbage-first heap   total 276480K, used 239340K [0x0000000740000000, 0x0000000800000000)
  region size 2048K, 41 young (83968K), 5 survivors (10240K)
 Metaspace       used 118493K, committed 120768K, reserved 1179648K
  class space    used 15874K, committed 17024K, reserved 1048576K
}
Event: 34.000 GC heap after
{Heap after GC invocations=53 (full 0):
 garbage-first heap   total 276480K, used 177484K [0x0000000740000000, 0x0000000800000000)
  region size 2048K, 5 young (10240K), 5 survivors (10240K)
 Metaspace       used 118493K, committed 120768K, reserved 1179648K
  class space    used 15874K, committed 17024K, reserved 1048576K
}
Event: 34.666 GC heap before
{Heap before GC invocations=54 (full 0):
 garbage-first heap   total 296960K, used 271692K [0x0000000740000000, 0x0000000800000000)
  region size 2048K, 38 young (77824K), 5 survivors (10240K)
 Metaspace       used 119003K, committed 121216K, reserved 1179648K
  class space    used 15921K, committed 17024K, reserved 1048576K
}
Event: 34.673 GC heap after
{Heap after GC invocations=55 (full 0):
 garbage-first heap   total 296960K, used 175799K [0x0000000740000000, 0x0000000800000000)
  region size 2048K, 2 young (4096K), 2 survivors (4096K)
 Metaspace       used 119003K, committed 121216K, reserved 1179648K
  class space    used 15921K, committed 17024K, reserved 1048576K
}
Event: 35.490 GC heap before
{Heap before GC invocations=55 (full 0):
 garbage-first heap   total 296960K, used 261815K [0x0000000740000000, 0x0000000800000000)
  region size 2048K, 45 young (92160K), 2 survivors (4096K)
 Metaspace       used 120347K, committed 122624K, reserved 1179648K
  class space    used 16064K, committed 17216K, reserved 1048576K
}
Event: 35.499 GC heap after
{Heap after GC invocations=56 (full 0):
 garbage-first heap   total 296960K, used 157538K [0x0000000740000000, 0x0000000800000000)
  region size 2048K, 3 young (6144K), 3 survivors (6144K)
 Metaspace       used 120347K, committed 122624K, reserved 1179648K
  class space    used 16064K, committed 17216K, reserved 1048576K
}
Event: 35.631 GC heap before
{Heap before GC invocations=56 (full 0):
 garbage-first heap   total 296960K, used 171874K [0x0000000740000000, 0x0000000800000000)
  region size 2048K, 12 young (24576K), 3 survivors (6144K)
 Metaspace       used 120491K, committed 122688K, reserved 1179648K
  class space    used 16080K, committed 17216K, reserved 1048576K
}
Event: 35.636 GC heap after
{Heap after GC invocations=57 (full 0):
 garbage-first heap   total 296960K, used 157735K [0x0000000740000000, 0x0000000800000000)
  region size 2048K, 3 young (6144K), 3 survivors (6144K)
 Metaspace       used 120491K, committed 122688K, reserved 1179648K
  class space    used 16080K, committed 17216K, reserved 1048576K
}

