# JRE version: OpenJDK Runtime Environment (21.0.6) (build 21.0.6+-13368085-b895.109)
# Java VM: OpenJDK 64-Bit Server VM (21.0.6+-13368085-b895.109, mixed mode, tiered, compressed oops, compressed class ptrs, g1 gc, windows-amd64)
GC Precious Log:
 CardTable entry size: 512
 Card Set container configuration: InlinePtr #cards 4 size 8 Array Of Cards #cards 16 size 48 Howl #buckets 8 coarsen threshold 3686 Howl Bitmap #cards 512 size 80 coarsen threshold 460 Card regions per heap region 1 cards per card region 4096
 CPUs: 8 total, 8 available
 Memory: 6091M
 Large Page Support: Disabled
 NUMA Support: Disabled
 Compressed Oops: Enabled (Zero based)
 Heap Region Size: 2M
 Heap Min Capacity: 8M
 Heap Initial Capacity: 96M
 Heap Max Capacity: 3G
 Pre-touch: Disabled
 Parallel Workers: 8
 Concurrent Workers: 2
 Concurrent Refinement Workers: 8
 Periodic GC: Disabled
Heap:
 garbage-first heap   total 413696K, used 307200K [0x0000000740000000, 0x0000000800000000)
  region size 2048K, 5 young (10240K), 5 survivors (10240K)
 Metaspace       used 120543K, committed 122816K, reserved 1179648K
  class space    used 16454K, committed 17600K, reserved 1048576K
GC Heap History (20 events):
Event: 32.823 GC heap after
{Heap after GC invocations=43 (full 0):
 garbage-first heap   total 190464K, used 110267K [0x0000000740000000, 0x0000000800000000)
  region size 2048K, 3 young (6144K), 3 survivors (6144K)
 Metaspace       used 110716K, committed 112896K, reserved 1179648K
  class space    used 15225K, committed 16320K, reserved 1048576K
}
Event: 33.378 GC heap before
{Heap before GC invocations=43 (full 0):
 garbage-first heap   total 190464K, used 167611K [0x0000000740000000, 0x0000000800000000)
  region size 2048K, 32 young (65536K), 3 survivors (6144K)
 Metaspace       used 110791K, committed 112960K, reserved 1179648K
  class space    used 15235K, committed 16320K, reserved 1048576K
}
Event: 33.387 GC heap after
{Heap after GC invocations=44 (full 0):
 garbage-first heap   total 190464K, used 112565K [0x0000000740000000, 0x0000000800000000)
  region size 2048K, 4 young (8192K), 4 survivors (8192K)
 Metaspace       used 110791K, committed 112960K, reserved 1179648K
  class space    used 15235K, committed 16320K, reserved 1048576K
}
Event: 34.369 GC heap before
{Heap before GC invocations=45 (full 0):
 garbage-first heap   total 192512K, used 167861K [0x0000000740000000, 0x0000000800000000)
  region size 2048K, 31 young (63488K), 4 survivors (8192K)
 Metaspace       used 111401K, committed 113600K, reserved 1179648K
  class space    used 15325K, committed 16448K, reserved 1048576K
}
Event: 34.380 GC heap after
{Heap after GC invocations=46 (full 0):
 garbage-first heap   total 192512K, used 115805K [0x0000000740000000, 0x0000000800000000)
  region size 2048K, 4 young (8192K), 4 survivors (8192K)
 Metaspace       used 111401K, committed 113600K, reserved 1179648K
  class space    used 15325K, committed 16448K, reserved 1048576K
}
Event: 35.453 GC heap before
{Heap before GC invocations=46 (full 0):
 garbage-first heap   total 192512K, used 167005K [0x0000000740000000, 0x0000000800000000)
  region size 2048K, 30 young (61440K), 4 survivors (8192K)
 Metaspace       used 114748K, committed 116992K, reserved 1179648K
  class space    used 15736K, committed 16896K, reserved 1048576K
}
Event: 35.470 GC heap after
{Heap after GC invocations=47 (full 0):
 garbage-first heap   total 192512K, used 119693K [0x0000000740000000, 0x0000000800000000)
  region size 2048K, 4 young (8192K), 4 survivors (8192K)
 Metaspace       used 114748K, committed 116992K, reserved 1179648K
  class space    used 15736K, committed 16896K, reserved 1048576K
}
Event: 36.251 GC heap before
{Heap before GC invocations=47 (full 0):
 garbage-first heap   total 192512K, used 168845K [0x0000000740000000, 0x0000000800000000)
  region size 2048K, 29 young (59392K), 4 survivors (8192K)
 Metaspace       used 115321K, committed 117504K, reserved 1179648K
  class space    used 15822K, committed 16960K, reserved 1048576K
}
Event: 36.265 GC heap after
{Heap after GC invocations=48 (full 0):
 garbage-first heap   total 231424K, used 122280K [0x0000000740000000, 0x0000000800000000)
  region size 2048K, 4 young (8192K), 4 survivors (8192K)
 Metaspace       used 115321K, committed 117504K, reserved 1179648K
  class space    used 15822K, committed 16960K, reserved 1048576K
}
Event: 37.360 GC heap before
{Heap before GC invocations=49 (full 0):
 garbage-first heap   total 231424K, used 226728K [0x0000000740000000, 0x0000000800000000)
  region size 2048K, 39 young (79872K), 4 survivors (8192K)
 Metaspace       used 116884K, committed 119104K, reserved 1179648K
  class space    used 15934K, committed 17088K, reserved 1048576K
}
Event: 37.380 GC heap after
{Heap after GC invocations=50 (full 0):
 garbage-first heap   total 256000K, used 174667K [0x0000000740000000, 0x0000000800000000)
  region size 2048K, 6 young (12288K), 6 survivors (12288K)
 Metaspace       used 116884K, committed 119104K, reserved 1179648K
  class space    used 15934K, committed 17088K, reserved 1048576K
}
Event: 38.128 GC heap before
{Heap before GC invocations=50 (full 0):
 garbage-first heap   total 266240K, used 262731K [0x0000000740000000, 0x0000000800000000)
  region size 2048K, 31 young (63488K), 6 survivors (12288K)
 Metaspace       used 120253K, committed 122496K, reserved 1179648K
  class space    used 16412K, committed 17600K, reserved 1048576K
}
Event: 38.147 GC heap after
{Heap after GC invocations=51 (full 0):
 garbage-first heap   total 294912K, used 206117K [0x0000000740000000, 0x0000000800000000)
  region size 2048K, 4 young (8192K), 4 survivors (8192K)
 Metaspace       used 120253K, committed 122496K, reserved 1179648K
  class space    used 16412K, committed 17600K, reserved 1048576K
}
Event: 38.148 GC heap before
{Heap before GC invocations=51 (full 0):
 garbage-first heap   total 294912K, used 206117K [0x0000000740000000, 0x0000000800000000)
  region size 2048K, 5 young (10240K), 4 survivors (8192K)
 Metaspace       used 120253K, committed 122496K, reserved 1179648K
  class space    used 16412K, committed 17600K, reserved 1048576K
}
Event: 38.153 GC heap after
{Heap after GC invocations=52 (full 0):
 garbage-first heap   total 294912K, used 205962K [0x0000000740000000, 0x0000000800000000)
  region size 2048K, 1 young (2048K), 1 survivors (2048K)
 Metaspace       used 120253K, committed 122496K, reserved 1179648K
  class space    used 16412K, committed 17600K, reserved 1048576K
}
Event: 38.455 GC heap before
{Heap before GC invocations=53 (full 0):
 garbage-first heap   total 413696K, used 283786K [0x0000000740000000, 0x0000000800000000)
  region size 2048K, 20 young (40960K), 1 survivors (2048K)
 Metaspace       used 120521K, committed 122752K, reserved 1179648K
  class space    used 16451K, committed 17600K, reserved 1048576K
}
Event: 38.466 GC heap after
{Heap after GC invocations=54 (full 0):
 garbage-first heap   total 413696K, used 238503K [0x0000000740000000, 0x0000000800000000)
  region size 2048K, 3 young (6144K), 3 survivors (6144K)
 Metaspace       used 120521K, committed 122752K, reserved 1179648K
  class space    used 16451K, committed 17600K, reserved 1048576K
}
Event: 39.458 GC heap before
{Heap before GC invocations=54 (full 0):
 garbage-first heap   total 413696K, used 324519K [0x0000000740000000, 0x0000000800000000)
  region size 2048K, 44 young (90112K), 3 survivors (6144K)
 Metaspace       used 120543K, committed 122816K, reserved 1179648K
  class space    used 16454K, committed 17600K, reserved 1048576K
}
Event: 39.524 GC heap after
{Heap after GC invocations=55 (full 0):
 garbage-first heap   total 413696K, used 274432K [0x0000000740000000, 0x0000000800000000)
  region size 2048K, 6 young (12288K), 6 survivors (12288K)
 Metaspace       used 120543K, committed 122816K, reserved 1179648K
  class space    used 16454K, committed 17600K, reserved 1048576K
}
Event: 40.080 GC heap before
{Heap before GC invocations=55 (full 0):
 garbage-first heap   total 413696K, used 346112K [0x0000000740000000, 0x0000000800000000)
  region size 2048K, 39 young (79872K), 6 survivors (12288K)
 Metaspace       used 120543K, committed 122816K, reserved 1179648K
  class space    used 16454K, committed 17600K, reserved 1048576K
}

