# JRE version: OpenJDK Runtime Environment (21.0.6) (build 21.0.6+-13368085-b895.109)
# Java VM: OpenJDK 64-Bit Server VM (21.0.6+-13368085-b895.109, mixed mode, tiered, compressed oops, compressed class ptrs, g1 gc, windows-amd64)
GC Precious Log:
 CardTable entry size: 512
 Card Set container configuration: InlinePtr #cards 4 size 8 Array Of Cards #cards 16 size 48 Howl #buckets 8 coarsen threshold 3686 Howl Bitmap #cards 512 size 80 coarsen threshold 460 Card regions per heap region 1 cards per card region 4096
 CPUs: 8 total, 8 available
 Memory: 6091M
 Large Page Support: Disabled
 NUMA Support: Disabled
 Compressed Oops: Enabled (Zero based)
 Heap Region Size: 2M
 Heap Min Capacity: 8M
 Heap Initial Capacity: 96M
 Heap Max Capacity: 3G
 Pre-touch: Disabled
 Parallel Workers: 8
 Concurrent Workers: 2
 Concurrent Refinement Workers: 8
 Periodic GC: Disabled
Heap:
 garbage-first heap   total 434176K, used 339488K [0x0000000740000000, 0x0000000800000000)
  region size 2048K, 6 young (12288K), 6 survivors (12288K)
 Metaspace       used 123389K, committed 125696K, reserved 1179648K
  class space    used 17018K, committed 18176K, reserved 1048576K
GC Heap History (20 events):
Event: 29.867 GC heap after
{Heap after GC invocations=47 (full 0):
 garbage-first heap   total 202752K, used 118586K [0x0000000740000000, 0x0000000800000000)
  region size 2048K, 5 young (10240K), 5 survivors (10240K)
 Metaspace       used 113417K, committed 115584K, reserved 1179648K
  class space    used 15561K, committed 16640K, reserved 1048576K
}
Event: 30.424 GC heap before
{Heap before GC invocations=47 (full 0):
 garbage-first heap   total 202752K, used 175930K [0x0000000740000000, 0x0000000800000000)
  region size 2048K, 34 young (69632K), 5 survivors (10240K)
 Metaspace       used 115046K, committed 117248K, reserved 1179648K
  class space    used 15771K, committed 16832K, reserved 1048576K
}
Event: 30.434 GC heap after
{Heap after GC invocations=48 (full 0):
 garbage-first heap   total 202752K, used 121901K [0x0000000740000000, 0x0000000800000000)
  region size 2048K, 4 young (8192K), 4 survivors (8192K)
 Metaspace       used 115046K, committed 117248K, reserved 1179648K
  class space    used 15771K, committed 16832K, reserved 1048576K
}
Event: 31.090 GC heap before
{Heap before GC invocations=49 (full 0):
 garbage-first heap   total 204800K, used 181293K [0x0000000740000000, 0x0000000800000000)
  region size 2048K, 34 young (69632K), 4 survivors (8192K)
 Metaspace       used 116743K, committed 119040K, reserved 1179648K
  class space    used 15916K, committed 17088K, reserved 1048576K
}
Event: 31.100 GC heap after
{Heap after GC invocations=50 (full 0):
 garbage-first heap   total 204800K, used 124703K [0x0000000740000000, 0x0000000800000000)
  region size 2048K, 3 young (6144K), 3 survivors (6144K)
 Metaspace       used 116743K, committed 119040K, reserved 1179648K
  class space    used 15916K, committed 17088K, reserved 1048576K
}
Event: 31.837 GC heap before
{Heap before GC invocations=50 (full 0):
 garbage-first heap   total 204800K, used 202527K [0x0000000740000000, 0x0000000800000000)
  region size 2048K, 25 young (51200K), 3 survivors (6144K)
 Metaspace       used 117717K, committed 120000K, reserved 1179648K
  class space    used 16039K, committed 17216K, reserved 1048576K
}
Event: 31.861 GC heap after
{Heap after GC invocations=51 (full 0):
 garbage-first heap   total 235520K, used 182235K [0x0000000740000000, 0x0000000800000000)
  region size 2048K, 5 young (10240K), 5 survivors (10240K)
 Metaspace       used 117717K, committed 120000K, reserved 1179648K
  class space    used 16039K, committed 17216K, reserved 1048576K
}
Event: 32.537 GC heap before
{Heap before GC invocations=51 (full 0):
 garbage-first heap   total 235520K, used 196571K [0x0000000740000000, 0x0000000800000000)
  region size 2048K, 14 young (28672K), 5 survivors (10240K)
 Metaspace       used 119950K, committed 122176K, reserved 1179648K
  class space    used 16361K, committed 17472K, reserved 1048576K
}
Event: 32.544 GC heap after
{Heap after GC invocations=52 (full 0):
 garbage-first heap   total 282624K, used 184372K [0x0000000740000000, 0x0000000800000000)
  region size 2048K, 1 young (2048K), 1 survivors (2048K)
 Metaspace       used 119950K, committed 122176K, reserved 1179648K
  class space    used 16361K, committed 17472K, reserved 1048576K
}
Event: 32.650 GC heap before
{Heap before GC invocations=52 (full 0):
 garbage-first heap   total 282624K, used 196660K [0x0000000740000000, 0x0000000800000000)
  region size 2048K, 7 young (14336K), 1 survivors (2048K)
 Metaspace       used 120268K, committed 122496K, reserved 1179648K
  class space    used 16410K, committed 17536K, reserved 1048576K
}
Event: 32.653 GC heap after
{Heap after GC invocations=53 (full 0):
 garbage-first heap   total 282624K, used 190172K [0x0000000740000000, 0x0000000800000000)
  region size 2048K, 3 young (6144K), 3 survivors (6144K)
 Metaspace       used 120268K, committed 122496K, reserved 1179648K
  class space    used 16410K, committed 17536K, reserved 1048576K
}
Event: 32.655 GC heap before
{Heap before GC invocations=53 (full 0):
 garbage-first heap   total 282624K, used 196316K [0x0000000740000000, 0x0000000800000000)
  region size 2048K, 4 young (8192K), 3 survivors (6144K)
 Metaspace       used 120268K, committed 122496K, reserved 1179648K
  class space    used 16410K, committed 17536K, reserved 1048576K
}
Event: 32.659 GC heap after
{Heap after GC invocations=54 (full 0):
 garbage-first heap   total 282624K, used 196108K [0x0000000740000000, 0x0000000800000000)
  region size 2048K, 3 young (6144K), 3 survivors (6144K)
 Metaspace       used 120268K, committed 122496K, reserved 1179648K
  class space    used 16410K, committed 17536K, reserved 1048576K
}
Event: 32.720 GC heap before
{Heap before GC invocations=54 (full 0):
 garbage-first heap   total 282624K, used 278028K [0x0000000740000000, 0x0000000800000000)
  region size 2048K, 20 young (40960K), 3 survivors (6144K)
 Metaspace       used 120278K, committed 122496K, reserved 1179648K
  class space    used 16410K, committed 17536K, reserved 1048576K
}
Event: 32.728 GC heap after
{Heap after GC invocations=55 (full 0):
 garbage-first heap   total 299008K, used 225845K [0x0000000740000000, 0x0000000800000000)
  region size 2048K, 5 young (10240K), 5 survivors (10240K)
 Metaspace       used 120278K, committed 122496K, reserved 1179648K
  class space    used 16410K, committed 17536K, reserved 1048576K
}
Event: 33.255 GC heap before
{Heap before GC invocations=56 (full 0):
 garbage-first heap   total 413696K, used 283189K [0x0000000740000000, 0x0000000800000000)
  region size 2048K, 24 young (49152K), 5 survivors (10240K)
 Metaspace       used 120584K, committed 122816K, reserved 1179648K
  class space    used 16452K, committed 17600K, reserved 1048576K
}
Event: 33.273 GC heap after
{Heap after GC invocations=57 (full 0):
 garbage-first heap   total 413696K, used 249856K [0x0000000740000000, 0x0000000800000000)
  region size 2048K, 3 young (6144K), 3 survivors (6144K)
 Metaspace       used 120584K, committed 122816K, reserved 1179648K
  class space    used 16452K, committed 17600K, reserved 1048576K
}
Event: 34.338 GC heap before
{Heap before GC invocations=57 (full 0):
 garbage-first heap   total 413696K, used 372736K [0x0000000740000000, 0x0000000800000000)
  region size 2048K, 61 young (124928K), 3 survivors (6144K)
 Metaspace       used 120602K, committed 122880K, reserved 1179648K
  class space    used 16453K, committed 17600K, reserved 1048576K
}
Event: 34.411 GC heap after
{Heap after GC invocations=58 (full 0):
 garbage-first heap   total 425984K, used 298450K [0x0000000740000000, 0x0000000800000000)
  region size 2048K, 8 young (16384K), 8 survivors (16384K)
 Metaspace       used 120602K, committed 122880K, reserved 1179648K
  class space    used 16453K, committed 17600K, reserved 1048576K
}
Event: 35.294 GC heap before
{Heap before GC invocations=58 (full 0):
 garbage-first heap   total 425984K, used 380370K [0x0000000740000000, 0x0000000800000000)
  region size 2048K, 44 young (90112K), 8 survivors (16384K)
 Metaspace       used 123389K, committed 125696K, reserved 1179648K
  class space    used 17018K, committed 18176K, reserved 1048576K
}

