# JRE version: OpenJDK Runtime Environment (21.0.6) (build 21.0.6+-13368085-b895.109)
# Java VM: OpenJDK 64-Bit Server VM (21.0.6+-13368085-b895.109, mixed mode, tiered, compressed oops, compressed class ptrs, g1 gc, windows-amd64)
GC Precious Log:
 CardTable entry size: 512
 Card Set container configuration: InlinePtr #cards 5 size 8 Array Of Cards #cards 12 size 40 Howl #buckets 4 coarsen threshold 1843 Howl Bitmap #cards 512 size 80 coarsen threshold 460 Card regions per heap region 1 cards per card region 2048
 CPUs: 8 total, 8 available
 Memory: 6091M
 Large Page Support: Disabled
 NUMA Support: Disabled
 Compressed Oops: Enabled (32-bit)
 Heap Region Size: 1M
 Heap Min Capacity: 8M
 Heap Initial Capacity: 96M
 Heap Max Capacity: 2G
 Pre-touch: Disabled
 Parallel Workers: 8
 Concurrent Workers: 2
 Concurrent Refinement Workers: 8
 Periodic GC: Disabled
Heap:
 garbage-first heap   total 408576K, used 350643K [0x0000000080000000, 0x0000000100000000)
  region size 1024K, 15 young (15360K), 7 survivors (7168K)
 Metaspace       used 145942K, committed 150912K, reserved 1179648K
  class space    used 19485K, committed 21312K, reserved 1048576K
GC Heap History (20 events):
Event: 49.195 GC heap before
{Heap before GC invocations=64 (full 0):
 garbage-first heap   total 278528K, used 242415K [0x0000000080000000, 0x0000000100000000)
  region size 1024K, 79 young (80896K), 4 survivors (4096K)
 Metaspace       used 137110K, committed 139328K, reserved 1179648K
  class space    used 18911K, committed 20032K, reserved 1048576K
}
Event: 49.203 GC heap after
{Heap after GC invocations=65 (full 0):
 garbage-first heap   total 278528K, used 169380K [0x0000000080000000, 0x0000000100000000)
  region size 1024K, 7 young (7168K), 7 survivors (7168K)
 Metaspace       used 137110K, committed 139328K, reserved 1179648K
  class space    used 18911K, committed 20032K, reserved 1048576K
}
Event: 49.867 GC heap before
{Heap before GC invocations=65 (full 0):
 garbage-first heap   total 278528K, used 256420K [0x0000000080000000, 0x0000000100000000)
  region size 1024K, 91 young (93184K), 7 survivors (7168K)
 Metaspace       used 137764K, committed 140032K, reserved 1179648K
  class space    used 18963K, committed 20096K, reserved 1048576K
}
Event: 49.878 GC heap after
{Heap after GC invocations=66 (full 0):
 garbage-first heap   total 354304K, used 168724K [0x0000000080000000, 0x0000000100000000)
  region size 1024K, 9 young (9216K), 9 survivors (9216K)
 Metaspace       used 137764K, committed 140032K, reserved 1179648K
  class space    used 18963K, committed 20096K, reserved 1048576K
}
Event: 50.469 GC heap before
{Heap before GC invocations=66 (full 0):
 garbage-first heap   total 354304K, used 186132K [0x0000000080000000, 0x0000000100000000)
  region size 1024K, 28 young (28672K), 9 survivors (9216K)
 Metaspace       used 137953K, committed 140160K, reserved 1179648K
  class space    used 18980K, committed 20096K, reserved 1048576K
}
Event: 50.480 GC heap after
{Heap after GC invocations=67 (full 0):
 garbage-first heap   total 354304K, used 169161K [0x0000000080000000, 0x0000000100000000)
  region size 1024K, 9 young (9216K), 9 survivors (9216K)
 Metaspace       used 137953K, committed 140160K, reserved 1179648K
  class space    used 18980K, committed 20096K, reserved 1048576K
}
Event: 54.806 GC heap before
{Heap before GC invocations=68 (full 0):
 garbage-first heap   total 403456K, used 401609K [0x0000000080000000, 0x0000000100000000)
  region size 1024K, 85 young (87040K), 9 survivors (9216K)
 Metaspace       used 141236K, committed 143488K, reserved 1179648K
  class space    used 19403K, committed 20544K, reserved 1048576K
}
Event: 54.817 GC heap after
{Heap after GC invocations=69 (full 0):
 garbage-first heap   total 408576K, used 164743K [0x0000000080000000, 0x0000000100000000)
  region size 1024K, 5 young (5120K), 5 survivors (5120K)
 Metaspace       used 141236K, committed 143488K, reserved 1179648K
  class space    used 19403K, committed 20544K, reserved 1048576K
}
Event: 793.611 GC heap before
{Heap before GC invocations=69 (full 0):
 garbage-first heap   total 408576K, used 377735K [0x0000000080000000, 0x0000000100000000)
  region size 1024K, 213 young (218112K), 5 survivors (5120K)
 Metaspace       used 142884K, committed 145152K, reserved 1179648K
  class space    used 19555K, committed 20672K, reserved 1048576K
}
Event: 793.925 GC heap after
{Heap after GC invocations=70 (full 0):
 garbage-first heap   total 408576K, used 163271K [0x0000000080000000, 0x0000000100000000)
  region size 1024K, 5 young (5120K), 5 survivors (5120K)
 Metaspace       used 142884K, committed 145152K, reserved 1179648K
  class space    used 19555K, committed 20672K, reserved 1048576K
}
Event: 1106.805 GC heap before
{Heap before GC invocations=70 (full 0):
 garbage-first heap   total 408576K, used 380359K [0x0000000080000000, 0x0000000100000000)
  region size 1024K, 218 young (223232K), 5 survivors (5120K)
 Metaspace       used 143409K, committed 145728K, reserved 1179648K
  class space    used 19562K, committed 20736K, reserved 1048576K
}
Event: 1106.906 GC heap after
{Heap after GC invocations=71 (full 0):
 garbage-first heap   total 408576K, used 167917K [0x0000000080000000, 0x0000000100000000)
  region size 1024K, 10 young (10240K), 10 survivors (10240K)
 Metaspace       used 143409K, committed 145728K, reserved 1179648K
  class space    used 19562K, committed 20736K, reserved 1048576K
}
Event: 1137.040 GC heap before
{Heap before GC invocations=72 (full 0):
 garbage-first heap   total 408576K, used 375789K [0x0000000080000000, 0x0000000100000000)
  region size 1024K, 213 young (218112K), 10 survivors (10240K)
 Metaspace       used 143882K, committed 146176K, reserved 1179648K
  class space    used 19571K, committed 20736K, reserved 1048576K
}
Event: 1137.104 GC heap after
{Heap after GC invocations=73 (full 0):
 garbage-first heap   total 408576K, used 174329K [0x0000000080000000, 0x0000000100000000)
  region size 1024K, 16 young (16384K), 16 survivors (16384K)
 Metaspace       used 143882K, committed 146176K, reserved 1179648K
  class space    used 19571K, committed 20736K, reserved 1048576K
}
Event: 1137.242 GC heap before
{Heap before GC invocations=73 (full 0):
 garbage-first heap   total 408576K, used 190713K [0x0000000080000000, 0x0000000100000000)
  region size 1024K, 32 young (32768K), 16 survivors (16384K)
 Metaspace       used 143894K, committed 146240K, reserved 1179648K
  class space    used 19571K, committed 20736K, reserved 1048576K
}
Event: 1137.284 GC heap after
{Heap after GC invocations=74 (full 0):
 garbage-first heap   total 408576K, used 176257K [0x0000000080000000, 0x0000000100000000)
  region size 1024K, 3 young (3072K), 3 survivors (3072K)
 Metaspace       used 143894K, committed 146240K, reserved 1179648K
  class space    used 19571K, committed 20736K, reserved 1048576K
}
Event: 2912.086 GC heap before
{Heap before GC invocations=74 (full 0):
 garbage-first heap   total 408576K, used 382081K [0x0000000080000000, 0x0000000100000000)
  region size 1024K, 205 young (209920K), 3 survivors (3072K)
 Metaspace       used 144572K, committed 146880K, reserved 1179648K
  class space    used 19622K, committed 20800K, reserved 1048576K
}
Event: 2912.237 GC heap after
{Heap after GC invocations=75 (full 0):
 garbage-first heap   total 408576K, used 190822K [0x0000000080000000, 0x0000000100000000)
  region size 1024K, 19 young (19456K), 19 survivors (19456K)
 Metaspace       used 144572K, committed 146880K, reserved 1179648K
  class space    used 19622K, committed 20800K, reserved 1048576K
}
Event: 2935.384 GC heap before
{Heap before GC invocations=75 (full 0):
 garbage-first heap   total 408576K, used 282982K [0x0000000080000000, 0x0000000100000000)
  region size 1024K, 111 young (113664K), 19 survivors (19456K)
 Metaspace       used 148496K, committed 150912K, reserved 1179648K
  class space    used 20092K, committed 21312K, reserved 1048576K
}
Event: 2935.547 GC heap after
{Heap after GC invocations=76 (full 0):
 garbage-first heap   total 408576K, used 198067K [0x0000000080000000, 0x0000000100000000)
  region size 1024K, 7 young (7168K), 7 survivors (7168K)
 Metaspace       used 148496K, committed 150912K, reserved 1179648K
  class space    used 20092K, committed 21312K, reserved 1048576K
}

