# JRE version: OpenJDK Runtime Environment (21.0.6) (build 21.0.6+-13368085-b895.109)
# Java VM: OpenJDK 64-Bit Server VM (21.0.6+-13368085-b895.109, mixed mode, tiered, compressed oops, compressed class ptrs, g1 gc, windows-amd64)
GC Precious Log:
 CardTable entry size: 512
 Card Set container configuration: InlinePtr #cards 4 size 8 Array Of Cards #cards 16 size 48 Howl #buckets 8 coarsen threshold 3686 Howl Bitmap #cards 512 size 80 coarsen threshold 460 Card regions per heap region 1 cards per card region 4096
 CPUs: 8 total, 8 available
 Memory: 6091M
 Large Page Support: Disabled
 NUMA Support: Disabled
 Compressed Oops: Enabled (Zero based)
 Heap Region Size: 2M
 Heap Min Capacity: 8M
 Heap Initial Capacity: 96M
 Heap Max Capacity: 3G
 Pre-touch: Disabled
 Parallel Workers: 8
 Concurrent Workers: 2
 Concurrent Refinement Workers: 8
 Periodic GC: Disabled
Heap:
 garbage-first heap   total 288768K, used 205761K [0x0000000740000000, 0x0000000800000000)
  region size 2048K, 8 young (16384K), 5 survivors (10240K)
 Metaspace       used 116259K, committed 118528K, reserved 1179648K
  class space    used 15728K, committed 16896K, reserved 1048576K
GC Heap History (20 events):
Event: 67.490 GC heap before
{Heap before GC invocations=43 (full 0):
 garbage-first heap   total 161792K, used 142270K [0x0000000740000000, 0x0000000800000000)
  region size 2048K, 24 young (49152K), 4 survivors (8192K)
 Metaspace       used 106243K, committed 108416K, reserved 1179648K
  class space    used 14599K, committed 15680K, reserved 1048576K
}
Event: 67.516 GC heap after
{Heap after GC invocations=44 (full 0):
 garbage-first heap   total 161792K, used 104677K [0x0000000740000000, 0x0000000800000000)
  region size 2048K, 2 young (4096K), 2 survivors (4096K)
 Metaspace       used 106243K, committed 108416K, reserved 1179648K
  class space    used 14599K, committed 15680K, reserved 1048576K
}
Event: 68.750 GC heap before
{Heap before GC invocations=45 (full 0):
 garbage-first heap   total 178176K, used 145637K [0x0000000740000000, 0x0000000800000000)
  region size 2048K, 22 young (45056K), 2 survivors (4096K)
 Metaspace       used 109867K, committed 112064K, reserved 1179648K
  class space    used 15084K, committed 16192K, reserved 1048576K
}
Event: 68.756 GC heap after
{Heap after GC invocations=46 (full 0):
 garbage-first heap   total 178176K, used 106892K [0x0000000740000000, 0x0000000800000000)
  region size 2048K, 3 young (6144K), 3 survivors (6144K)
 Metaspace       used 109867K, committed 112064K, reserved 1179648K
  class space    used 15084K, committed 16192K, reserved 1048576K
}
Event: 70.071 GC heap before
{Heap before GC invocations=46 (full 0):
 garbage-first heap   total 178176K, used 160140K [0x0000000740000000, 0x0000000800000000)
  region size 2048K, 29 young (59392K), 3 survivors (6144K)
 Metaspace       used 111638K, committed 113856K, reserved 1179648K
  class space    used 15319K, committed 16448K, reserved 1048576K
}
Event: 70.086 GC heap after
{Heap after GC invocations=47 (full 0):
 garbage-first heap   total 178176K, used 112383K [0x0000000740000000, 0x0000000800000000)
  region size 2048K, 4 young (8192K), 4 survivors (8192K)
 Metaspace       used 111638K, committed 113856K, reserved 1179648K
  class space    used 15319K, committed 16448K, reserved 1048576K
}
Event: 70.938 GC heap before
{Heap before GC invocations=47 (full 0):
 garbage-first heap   total 178176K, used 157439K [0x0000000740000000, 0x0000000800000000)
  region size 2048K, 27 young (55296K), 4 survivors (8192K)
 Metaspace       used 111674K, committed 113856K, reserved 1179648K
  class space    used 15320K, committed 16448K, reserved 1048576K
}
Event: 70.948 GC heap after
{Heap after GC invocations=48 (full 0):
 garbage-first heap   total 178176K, used 115891K [0x0000000740000000, 0x0000000800000000)
  region size 2048K, 2 young (4096K), 2 survivors (4096K)
 Metaspace       used 111674K, committed 113856K, reserved 1179648K
  class space    used 15320K, committed 16448K, reserved 1048576K
}
Event: 71.685 GC heap before
{Heap before GC invocations=49 (full 0):
 garbage-first heap   total 198656K, used 156851K [0x0000000740000000, 0x0000000800000000)
  region size 2048K, 23 young (47104K), 2 survivors (4096K)
 Metaspace       used 113823K, committed 116096K, reserved 1179648K
  class space    used 15540K, committed 16704K, reserved 1048576K
}
Event: 71.692 GC heap after
{Heap after GC invocations=50 (full 0):
 garbage-first heap   total 198656K, used 117688K [0x0000000740000000, 0x0000000800000000)
  region size 2048K, 3 young (6144K), 3 survivors (6144K)
 Metaspace       used 113823K, committed 116096K, reserved 1179648K
  class space    used 15540K, committed 16704K, reserved 1048576K
}
Event: 73.409 GC heap before
{Heap before GC invocations=50 (full 0):
 garbage-first heap   total 198656K, used 175032K [0x0000000740000000, 0x0000000800000000)
  region size 2048K, 32 young (65536K), 3 survivors (6144K)
 Metaspace       used 115368K, committed 117632K, reserved 1179648K
  class space    used 15649K, committed 16832K, reserved 1048576K
}
Event: 73.425 GC heap after
{Heap after GC invocations=51 (full 0):
 garbage-first heap   total 200704K, used 127648K [0x0000000740000000, 0x0000000800000000)
  region size 2048K, 4 young (8192K), 4 survivors (8192K)
 Metaspace       used 115368K, committed 117632K, reserved 1179648K
  class space    used 15649K, committed 16832K, reserved 1048576K
}
Event: 73.790 GC heap before
{Heap before GC invocations=51 (full 0):
 garbage-first heap   total 200704K, used 148128K [0x0000000740000000, 0x0000000800000000)
  region size 2048K, 16 young (32768K), 4 survivors (8192K)
 Metaspace       used 115377K, committed 117632K, reserved 1179648K
  class space    used 15650K, committed 16832K, reserved 1048576K
}
Event: 73.805 GC heap after
{Heap after GC invocations=52 (full 0):
 garbage-first heap   total 200704K, used 137216K [0x0000000740000000, 0x0000000800000000)
  region size 2048K, 4 young (8192K), 4 survivors (8192K)
 Metaspace       used 115377K, committed 117632K, reserved 1179648K
  class space    used 15650K, committed 16832K, reserved 1048576K
}
Event: 74.431 GC heap before
{Heap before GC invocations=53 (full 0):
 garbage-first heap   total 239616K, used 180224K [0x0000000740000000, 0x0000000800000000)
  region size 2048K, 22 young (45056K), 4 survivors (8192K)
 Metaspace       used 115546K, committed 117824K, reserved 1179648K
  class space    used 15671K, committed 16832K, reserved 1048576K
}
Event: 74.449 GC heap after
{Heap after GC invocations=54 (full 0):
 garbage-first heap   total 239616K, used 157594K [0x0000000740000000, 0x0000000800000000)
  region size 2048K, 3 young (6144K), 3 survivors (6144K)
 Metaspace       used 115546K, committed 117824K, reserved 1179648K
  class space    used 15671K, committed 16832K, reserved 1048576K
}
Event: 76.062 GC heap before
{Heap before GC invocations=54 (full 0):
 garbage-first heap   total 239616K, used 204698K [0x0000000740000000, 0x0000000800000000)
  region size 2048K, 24 young (49152K), 3 survivors (6144K)
 Metaspace       used 115923K, committed 118208K, reserved 1179648K
  class space    used 15697K, committed 16832K, reserved 1048576K
}
Event: 76.081 GC heap after
{Heap after GC invocations=55 (full 0):
 garbage-first heap   total 288768K, used 163509K [0x0000000740000000, 0x0000000800000000)
  region size 2048K, 3 young (6144K), 3 survivors (6144K)
 Metaspace       used 115923K, committed 118208K, reserved 1179648K
  class space    used 15697K, committed 16832K, reserved 1048576K
}
Event: 76.750 GC heap before
{Heap before GC invocations=55 (full 0):
 garbage-first heap   total 288768K, used 192181K [0x0000000740000000, 0x0000000800000000)
  region size 2048K, 19 young (38912K), 3 survivors (6144K)
 Metaspace       used 116026K, committed 118272K, reserved 1179648K
  class space    used 15706K, committed 16832K, reserved 1048576K
}
Event: 76.765 GC heap after
{Heap after GC invocations=56 (full 0):
 garbage-first heap   total 288768K, used 175041K [0x0000000740000000, 0x0000000800000000)
  region size 2048K, 5 young (10240K), 5 survivors (10240K)
 Metaspace       used 116026K, committed 118272K, reserved 1179648K
  class space    used 15706K, committed 16832K, reserved 1048576K
}

