# JRE version: OpenJDK Runtime Environment (21.0.6) (build 21.0.6+-13368085-b895.109)
# Java VM: OpenJDK 64-Bit Server VM (21.0.6+-13368085-b895.109, mixed mode, tiered, compressed oops, compressed class ptrs, g1 gc, windows-amd64)
GC Precious Log:
 CardTable entry size: 512
 Card Set container configuration: InlinePtr #cards 4 size 8 Array Of Cards #cards 16 size 48 Howl #buckets 8 coarsen threshold 3686 Howl Bitmap #cards 512 size 80 coarsen threshold 460 Card regions per heap region 1 cards per card region 4096
 CPUs: 8 total, 8 available
 Memory: 6091M
 Large Page Support: Disabled
 NUMA Support: Disabled
 Compressed Oops: Enabled (Zero based)
 Heap Region Size: 2M
 Heap Min Capacity: 8M
 Heap Initial Capacity: 96M
 Heap Max Capacity: 3G
 Pre-touch: Disabled
 Parallel Workers: 8
 Concurrent Workers: 2
 Concurrent Refinement Workers: 8
 Periodic GC: Disabled
Heap:
 garbage-first heap   total 235520K, used 199463K [0x0000000740000000, 0x0000000800000000)
  region size 2048K, 5 young (10240K), 2 survivors (4096K)
 Metaspace       used 114612K, committed 116800K, reserved 1179648K
  class space    used 15514K, committed 16640K, reserved 1048576K
GC Heap History (20 events):
Event: 23.903 GC heap before
{Heap before GC invocations=47 (full 0):
 garbage-first heap   total 153600K, used 134682K [0x0000000740000000, 0x0000000800000000)
  region size 2048K, 22 young (45056K), 3 survivors (6144K)
 Metaspace       used 106971K, committed 109120K, reserved 1179648K
  class space    used 14656K, committed 15744K, reserved 1048576K
}
Event: 23.910 GC heap after
{Heap after GC invocations=48 (full 0):
 garbage-first heap   total 153600K, used 98937K [0x0000000740000000, 0x0000000800000000)
  region size 2048K, 3 young (6144K), 3 survivors (6144K)
 Metaspace       used 106971K, committed 109120K, reserved 1179648K
  class space    used 14656K, committed 15744K, reserved 1048576K
}
Event: 24.627 GC heap before
{Heap before GC invocations=49 (full 0):
 garbage-first heap   total 167936K, used 135801K [0x0000000740000000, 0x0000000800000000)
  region size 2048K, 21 young (43008K), 3 survivors (6144K)
 Metaspace       used 109795K, committed 111936K, reserved 1179648K
  class space    used 15102K, committed 16192K, reserved 1048576K
}
Event: 24.635 GC heap after
{Heap after GC invocations=50 (full 0):
 garbage-first heap   total 167936K, used 102115K [0x0000000740000000, 0x0000000800000000)
  region size 2048K, 3 young (6144K), 3 survivors (6144K)
 Metaspace       used 109795K, committed 111936K, reserved 1179648K
  class space    used 15102K, committed 16192K, reserved 1048576K
}
Event: 25.442 GC heap before
{Heap before GC invocations=50 (full 0):
 garbage-first heap   total 167936K, used 151267K [0x0000000740000000, 0x0000000800000000)
  region size 2048K, 27 young (55296K), 3 survivors (6144K)
 Metaspace       used 110132K, committed 112256K, reserved 1179648K
  class space    used 15114K, committed 16192K, reserved 1048576K
}
Event: 25.453 GC heap after
{Heap after GC invocations=51 (full 0):
 garbage-first heap   total 167936K, used 106642K [0x0000000740000000, 0x0000000800000000)
  region size 2048K, 4 young (8192K), 4 survivors (8192K)
 Metaspace       used 110132K, committed 112256K, reserved 1179648K
  class space    used 15114K, committed 16192K, reserved 1048576K
}
Event: 26.234 GC heap before
{Heap before GC invocations=51 (full 0):
 garbage-first heap   total 167936K, used 145554K [0x0000000740000000, 0x0000000800000000)
  region size 2048K, 24 young (49152K), 4 survivors (8192K)
 Metaspace       used 110504K, committed 112640K, reserved 1179648K
  class space    used 15189K, committed 16256K, reserved 1048576K
}
Event: 26.243 GC heap after
{Heap after GC invocations=52 (full 0):
 garbage-first heap   total 167936K, used 109004K [0x0000000740000000, 0x0000000800000000)
  region size 2048K, 2 young (4096K), 2 survivors (4096K)
 Metaspace       used 110504K, committed 112640K, reserved 1179648K
  class space    used 15189K, committed 16256K, reserved 1048576K
}
Event: 27.870 GC heap before
{Heap before GC invocations=53 (full 0):
 garbage-first heap   total 184320K, used 149964K [0x0000000740000000, 0x0000000800000000)
  region size 2048K, 23 young (47104K), 2 survivors (4096K)
 Metaspace       used 113335K, committed 115456K, reserved 1179648K
  class space    used 15411K, committed 16512K, reserved 1048576K
}
Event: 27.875 GC heap after
{Heap after GC invocations=54 (full 0):
 garbage-first heap   total 184320K, used 111643K [0x0000000740000000, 0x0000000800000000)
  region size 2048K, 3 young (6144K), 3 survivors (6144K)
 Metaspace       used 113335K, committed 115456K, reserved 1179648K
  class space    used 15411K, committed 16512K, reserved 1048576K
}
Event: 28.950 GC heap before
{Heap before GC invocations=54 (full 0):
 garbage-first heap   total 184320K, used 166939K [0x0000000740000000, 0x0000000800000000)
  region size 2048K, 30 young (61440K), 3 survivors (6144K)
 Metaspace       used 113583K, committed 115712K, reserved 1179648K
  class space    used 15411K, committed 16512K, reserved 1048576K
}
Event: 28.966 GC heap after
{Heap after GC invocations=55 (full 0):
 garbage-first heap   total 192512K, used 128199K [0x0000000740000000, 0x0000000800000000)
  region size 2048K, 4 young (8192K), 4 survivors (8192K)
 Metaspace       used 113583K, committed 115712K, reserved 1179648K
  class space    used 15411K, committed 16512K, reserved 1048576K
}
Event: 29.094 GC heap before
{Heap before GC invocations=55 (full 0):
 garbage-first heap   total 192512K, used 134343K [0x0000000740000000, 0x0000000800000000)
  region size 2048K, 8 young (16384K), 4 survivors (8192K)
 Metaspace       used 113590K, committed 115712K, reserved 1179648K
  class space    used 15411K, committed 16512K, reserved 1048576K
}
Event: 29.103 GC heap after
{Heap after GC invocations=56 (full 0):
 garbage-first heap   total 231424K, used 133723K [0x0000000740000000, 0x0000000800000000)
  region size 2048K, 2 young (4096K), 2 survivors (4096K)
 Metaspace       used 113590K, committed 115712K, reserved 1179648K
  class space    used 15411K, committed 16512K, reserved 1048576K
}
Event: 30.198 GC heap before
{Heap before GC invocations=57 (full 0):
 garbage-first heap   total 235520K, used 205403K [0x0000000740000000, 0x0000000800000000)
  region size 2048K, 31 young (63488K), 2 survivors (4096K)
 Metaspace       used 114183K, committed 116352K, reserved 1179648K
  class space    used 15475K, committed 16576K, reserved 1048576K
}
Event: 30.213 GC heap after
{Heap after GC invocations=58 (full 0):
 garbage-first heap   total 235520K, used 153557K [0x0000000740000000, 0x0000000800000000)
  region size 2048K, 4 young (8192K), 4 survivors (8192K)
 Metaspace       used 114183K, committed 116352K, reserved 1179648K
  class space    used 15475K, committed 16576K, reserved 1048576K
}
Event: 31.156 GC heap before
{Heap before GC invocations=58 (full 0):
 garbage-first heap   total 235520K, used 202709K [0x0000000740000000, 0x0000000800000000)
  region size 2048K, 28 young (57344K), 4 survivors (8192K)
 Metaspace       used 114345K, committed 116480K, reserved 1179648K
  class space    used 15485K, committed 16576K, reserved 1048576K
}
Event: 31.175 GC heap after
{Heap after GC invocations=59 (full 0):
 garbage-first heap   total 235520K, used 165223K [0x0000000740000000, 0x0000000800000000)
  region size 2048K, 4 young (8192K), 4 survivors (8192K)
 Metaspace       used 114345K, committed 116480K, reserved 1179648K
  class space    used 15485K, committed 16576K, reserved 1048576K
}
Event: 31.197 GC heap before
{Heap before GC invocations=59 (full 0):
 garbage-first heap   total 235520K, used 167271K [0x0000000740000000, 0x0000000800000000)
  region size 2048K, 6 young (12288K), 4 survivors (8192K)
 Metaspace       used 114345K, committed 116480K, reserved 1179648K
  class space    used 15485K, committed 16576K, reserved 1048576K
}
Event: 31.205 GC heap after
{Heap after GC invocations=60 (full 0):
 garbage-first heap   total 235520K, used 168743K [0x0000000740000000, 0x0000000800000000)
  region size 2048K, 2 young (4096K), 2 survivors (4096K)
 Metaspace       used 114345K, committed 116480K, reserved 1179648K
  class space    used 15485K, committed 16576K, reserved 1048576K
}

