# JRE version: OpenJDK Runtime Environment (21.0.6) (build 21.0.6+-13368085-b895.109)
# Java VM: OpenJDK 64-Bit Server VM (21.0.6+-13368085-b895.109, mixed mode, tiered, compressed oops, compressed class ptrs, g1 gc, windows-amd64)
GC Precious Log:
 CardTable entry size: 512
 Card Set container configuration: InlinePtr #cards 4 size 8 Array Of Cards #cards 16 size 48 Howl #buckets 8 coarsen threshold 3686 Howl Bitmap #cards 512 size 80 coarsen threshold 460 Card regions per heap region 1 cards per card region 4096
 CPUs: 8 total, 8 available
 Memory: 6091M
 Large Page Support: Disabled
 NUMA Support: Disabled
 Compressed Oops: Enabled (Zero based)
 Heap Region Size: 2M
 Heap Min Capacity: 8M
 Heap Initial Capacity: 96M
 Heap Max Capacity: 3G
 Pre-touch: Disabled
 Parallel Workers: 8
 Concurrent Workers: 2
 Concurrent Refinement Workers: 8
 Periodic GC: Disabled
Heap:
 garbage-first heap   total 247808K, used 186140K [0x0000000740000000, 0x0000000800000000)
  region size 2048K, 3 young (6144K), 3 survivors (6144K)
 Metaspace       used 120629K, committed 122816K, reserved 1179648K
  class space    used 16392K, committed 17536K, reserved 1048576K
GC Heap History (20 events):
Event: 26.511 GC heap after
{Heap after GC invocations=40 (full 0):
 garbage-first heap   total 163840K, used 98675K [0x0000000740000000, 0x0000000800000000)
  region size 2048K, 3 young (6144K), 3 survivors (6144K)
 Metaspace       used 106820K, committed 108928K, reserved 1179648K
  class space    used 14647K, committed 15680K, reserved 1048576K
}
Event: 27.967 GC heap before
{Heap before GC invocations=40 (full 0):
 garbage-first heap   total 163840K, used 147827K [0x0000000740000000, 0x0000000800000000)
  region size 2048K, 27 young (55296K), 3 survivors (6144K)
 Metaspace       used 109995K, committed 112128K, reserved 1179648K
  class space    used 15114K, committed 16192K, reserved 1048576K
}
Event: 27.979 GC heap after
{Heap after GC invocations=41 (full 0):
 garbage-first heap   total 163840K, used 104161K [0x0000000740000000, 0x0000000800000000)
  region size 2048K, 4 young (8192K), 4 survivors (8192K)
 Metaspace       used 109995K, committed 112128K, reserved 1179648K
  class space    used 15114K, committed 16192K, reserved 1048576K
}
Event: 28.776 GC heap before
{Heap before GC invocations=41 (full 0):
 garbage-first heap   total 163840K, used 147169K [0x0000000740000000, 0x0000000800000000)
  region size 2048K, 25 young (51200K), 4 survivors (8192K)
 Metaspace       used 110165K, committed 112320K, reserved 1179648K
  class space    used 15124K, committed 16192K, reserved 1048576K
}
Event: 28.787 GC heap after
{Heap after GC invocations=42 (full 0):
 garbage-first heap   total 163840K, used 108400K [0x0000000740000000, 0x0000000800000000)
  region size 2048K, 2 young (4096K), 2 survivors (4096K)
 Metaspace       used 110165K, committed 112320K, reserved 1179648K
  class space    used 15124K, committed 16192K, reserved 1048576K
}
Event: 29.501 GC heap before
{Heap before GC invocations=43 (full 0):
 garbage-first heap   total 182272K, used 147312K [0x0000000740000000, 0x0000000800000000)
  region size 2048K, 22 young (45056K), 2 survivors (4096K)
 Metaspace       used 110521K, committed 112704K, reserved 1179648K
  class space    used 15198K, committed 16256K, reserved 1048576K
}
Event: 29.508 GC heap after
{Heap after GC invocations=44 (full 0):
 garbage-first heap   total 182272K, used 110961K [0x0000000740000000, 0x0000000800000000)
  region size 2048K, 2 young (4096K), 2 survivors (4096K)
 Metaspace       used 110521K, committed 112704K, reserved 1179648K
  class space    used 15198K, committed 16256K, reserved 1048576K
}
Event: 30.321 GC heap before
{Heap before GC invocations=44 (full 0):
 garbage-first heap   total 182272K, used 164209K [0x0000000740000000, 0x0000000800000000)
  region size 2048K, 29 young (59392K), 2 survivors (4096K)
 Metaspace       used 112793K, committed 114944K, reserved 1179648K
  class space    used 15377K, committed 16448K, reserved 1048576K
}
Event: 30.329 GC heap after
{Heap after GC invocations=45 (full 0):
 garbage-first heap   total 182272K, used 113448K [0x0000000740000000, 0x0000000800000000)
  region size 2048K, 3 young (6144K), 3 survivors (6144K)
 Metaspace       used 112793K, committed 114944K, reserved 1179648K
  class space    used 15377K, committed 16448K, reserved 1048576K
}
Event: 31.305 GC heap before
{Heap before GC invocations=45 (full 0):
 garbage-first heap   total 182272K, used 162600K [0x0000000740000000, 0x0000000800000000)
  region size 2048K, 28 young (57344K), 3 survivors (6144K)
 Metaspace       used 114842K, committed 117120K, reserved 1179648K
  class space    used 15634K, committed 16768K, reserved 1048576K
}
Event: 31.313 GC heap after
{Heap after GC invocations=46 (full 0):
 garbage-first heap   total 182272K, used 117284K [0x0000000740000000, 0x0000000800000000)
  region size 2048K, 4 young (8192K), 4 survivors (8192K)
 Metaspace       used 114842K, committed 117120K, reserved 1179648K
  class space    used 15634K, committed 16768K, reserved 1048576K
}
Event: 31.793 GC heap before
{Heap before GC invocations=47 (full 0):
 garbage-first heap   total 202752K, used 156196K [0x0000000740000000, 0x0000000800000000)
  region size 2048K, 24 young (49152K), 4 survivors (8192K)
 Metaspace       used 114947K, committed 117184K, reserved 1179648K
  class space    used 15649K, committed 16768K, reserved 1048576K
}
Event: 31.801 GC heap after
{Heap after GC invocations=48 (full 0):
 garbage-first heap   total 202752K, used 119769K [0x0000000740000000, 0x0000000800000000)
  region size 2048K, 2 young (4096K), 2 survivors (4096K)
 Metaspace       used 114947K, committed 117184K, reserved 1179648K
  class space    used 15649K, committed 16768K, reserved 1048576K
}
Event: 32.342 GC heap before
{Heap before GC invocations=48 (full 0):
 garbage-first heap   total 202752K, used 181209K [0x0000000740000000, 0x0000000800000000)
  region size 2048K, 33 young (67584K), 2 survivors (4096K)
 Metaspace       used 115245K, committed 117440K, reserved 1179648K
  class space    used 15687K, committed 16768K, reserved 1048576K
}
Event: 32.351 GC heap after
{Heap after GC invocations=49 (full 0):
 garbage-first heap   total 202752K, used 118836K [0x0000000740000000, 0x0000000800000000)
  region size 2048K, 2 young (4096K), 2 survivors (4096K)
 Metaspace       used 115245K, committed 117440K, reserved 1179648K
  class space    used 15687K, committed 16768K, reserved 1048576K
}
Event: 32.705 GC heap before
{Heap before GC invocations=49 (full 0):
 garbage-first heap   total 202752K, used 143412K [0x0000000740000000, 0x0000000800000000)
  region size 2048K, 15 young (30720K), 2 survivors (4096K)
 Metaspace       used 115960K, committed 118208K, reserved 1179648K
  class space    used 15775K, committed 16896K, reserved 1048576K
}
Event: 32.712 GC heap after
{Heap after GC invocations=50 (full 0):
 garbage-first heap   total 202752K, used 120981K [0x0000000740000000, 0x0000000800000000)
  region size 2048K, 3 young (6144K), 3 survivors (6144K)
 Metaspace       used 115960K, committed 118208K, reserved 1179648K
  class space    used 15775K, committed 16896K, reserved 1048576K
}
Event: 33.299 GC heap before
{Heap before GC invocations=51 (full 0):
 garbage-first heap   total 235520K, used 213141K [0x0000000740000000, 0x0000000800000000)
  region size 2048K, 32 young (65536K), 3 survivors (6144K)
 Metaspace       used 116629K, committed 118848K, reserved 1179648K
  class space    used 15862K, committed 16960K, reserved 1048576K
}
Event: 33.311 GC heap after
{Heap after GC invocations=52 (full 0):
 garbage-first heap   total 245760K, used 178428K [0x0000000740000000, 0x0000000800000000)
  region size 2048K, 4 young (8192K), 4 survivors (8192K)
 Metaspace       used 116629K, committed 118848K, reserved 1179648K
  class space    used 15862K, committed 16960K, reserved 1048576K
}
Event: 34.015 GC heap before
{Heap before GC invocations=52 (full 0):
 garbage-first heap   total 245760K, used 225532K [0x0000000740000000, 0x0000000800000000)
  region size 2048K, 26 young (53248K), 4 survivors (8192K)
 Metaspace       used 120629K, committed 122816K, reserved 1179648K
  class space    used 16392K, committed 17536K, reserved 1048576K
}

