# JRE version: OpenJDK Runtime Environment (21.0.6) (build 21.0.6+-13368085-b895.109)
# Java VM: OpenJDK 64-Bit Server VM (21.0.6+-13368085-b895.109, mixed mode, tiered, compressed oops, compressed class ptrs, g1 gc, windows-amd64)
GC Precious Log:
 CardTable entry size: 512
 Card Set container configuration: InlinePtr #cards 4 size 8 Array Of Cards #cards 16 size 48 Howl #buckets 8 coarsen threshold 3686 Howl Bitmap #cards 512 size 80 coarsen threshold 460 Card regions per heap region 1 cards per card region 4096
 CPUs: 8 total, 8 available
 Memory: 6091M
 Large Page Support: Disabled
 NUMA Support: Disabled
 Compressed Oops: Enabled (Zero based)
 Heap Region Size: 2M
 Heap Min Capacity: 8M
 Heap Initial Capacity: 96M
 Heap Max Capacity: 3G
 Pre-touch: Disabled
 Parallel Workers: 8
 Concurrent Workers: 2
 Concurrent Refinement Workers: 8
 Periodic GC: Disabled
Heap:
 garbage-first heap   total 475136K, used 406375K [0x0000000740000000, 0x0000000800000000)
  region size 2048K, 4 young (8192K), 4 survivors (8192K)
 Metaspace       used 132433K, committed 134784K, reserved 1179648K
  class space    used 17752K, committed 18944K, reserved 1048576K
GC Heap History (20 events):
Event: 88.793 GC heap after
{Heap after GC invocations=59 (full 0):
 garbage-first heap   total 329728K, used 169245K [0x0000000740000000, 0x0000000800000000)
  region size 2048K, 3 young (6144K), 3 survivors (6144K)
 Metaspace       used 121534K, committed 123840K, reserved 1179648K
  class space    used 16173K, committed 17344K, reserved 1048576K
}
Event: 91.332 GC heap before
{Heap before GC invocations=59 (full 0):
 garbage-first heap   total 329728K, used 294173K [0x0000000740000000, 0x0000000800000000)
  region size 2048K, 65 young (133120K), 3 survivors (6144K)
 Metaspace       used 123785K, committed 126016K, reserved 1179648K
  class space    used 16431K, committed 17536K, reserved 1048576K
}
Event: 91.350 GC heap after
{Heap after GC invocations=60 (full 0):
 garbage-first heap   total 329728K, used 149282K [0x0000000740000000, 0x0000000800000000)
  region size 2048K, 5 young (10240K), 5 survivors (10240K)
 Metaspace       used 123785K, committed 126016K, reserved 1179648K
  class space    used 16431K, committed 17536K, reserved 1048576K
}
Event: 93.275 GC heap before
{Heap before GC invocations=60 (full 0):
 garbage-first heap   total 329728K, used 251682K [0x0000000740000000, 0x0000000800000000)
  region size 2048K, 51 young (104448K), 5 survivors (10240K)
 Metaspace       used 125100K, committed 127296K, reserved 1179648K
  class space    used 16576K, committed 17664K, reserved 1048576K
}
Event: 93.295 GC heap after
{Heap after GC invocations=61 (full 0):
 garbage-first heap   total 329728K, used 173422K [0x0000000740000000, 0x0000000800000000)
  region size 2048K, 10 young (20480K), 10 survivors (20480K)
 Metaspace       used 125100K, committed 127296K, reserved 1179648K
  class space    used 16576K, committed 17664K, reserved 1048576K
}
Event: 93.318 GC heap before
{Heap before GC invocations=61 (full 0):
 garbage-first heap   total 329728K, used 177518K [0x0000000740000000, 0x0000000800000000)
  region size 2048K, 11 young (22528K), 10 survivors (20480K)
 Metaspace       used 125102K, committed 127296K, reserved 1179648K
  class space    used 16576K, committed 17664K, reserved 1048576K
}
Event: 93.332 GC heap after
{Heap after GC invocations=62 (full 0):
 garbage-first heap   total 329728K, used 177928K [0x0000000740000000, 0x0000000800000000)
  region size 2048K, 6 young (12288K), 6 survivors (12288K)
 Metaspace       used 125102K, committed 127296K, reserved 1179648K
  class space    used 16576K, committed 17664K, reserved 1048576K
}
Event: 95.252 GC heap before
{Heap before GC invocations=63 (full 0):
 garbage-first heap   total 329728K, used 300808K [0x0000000740000000, 0x0000000800000000)
  region size 2048K, 56 young (114688K), 6 survivors (12288K)
 Metaspace       used 129090K, committed 131328K, reserved 1179648K
  class space    used 17122K, committed 18240K, reserved 1048576K
}
Event: 95.268 GC heap after
{Heap after GC invocations=64 (full 0):
 garbage-first heap   total 335872K, used 218194K [0x0000000740000000, 0x0000000800000000)
  region size 2048K, 7 young (14336K), 7 survivors (14336K)
 Metaspace       used 129090K, committed 131328K, reserved 1179648K
  class space    used 17122K, committed 18240K, reserved 1048576K
}
Event: 95.329 GC heap before
{Heap before GC invocations=64 (full 0):
 garbage-first heap   total 335872K, used 332882K [0x0000000740000000, 0x0000000800000000)
  region size 2048K, 27 young (55296K), 7 survivors (14336K)
 Metaspace       used 129102K, committed 131392K, reserved 1179648K
  class space    used 17122K, committed 18240K, reserved 1048576K
}
Event: 95.350 GC heap after
{Heap after GC invocations=65 (full 0):
 garbage-first heap   total 368640K, used 251013K [0x0000000740000000, 0x0000000800000000)
  region size 2048K, 6 young (12288K), 6 survivors (12288K)
 Metaspace       used 129102K, committed 131392K, reserved 1179648K
  class space    used 17122K, committed 18240K, reserved 1048576K
}
Event: 96.488 GC heap before
{Heap before GC invocations=65 (full 0):
 garbage-first heap   total 368640K, used 324741K [0x0000000740000000, 0x0000000800000000)
  region size 2048K, 43 young (88064K), 6 survivors (12288K)
 Metaspace       used 129410K, committed 131712K, reserved 1179648K
  class space    used 17163K, committed 18304K, reserved 1048576K
}
Event: 96.529 GC heap after
{Heap after GC invocations=66 (full 0):
 garbage-first heap   total 370688K, used 282508K [0x0000000740000000, 0x0000000800000000)
  region size 2048K, 6 young (12288K), 6 survivors (12288K)
 Metaspace       used 129410K, committed 131712K, reserved 1179648K
  class space    used 17163K, committed 18304K, reserved 1048576K
}
Event: 97.497 GC heap before
{Heap before GC invocations=67 (full 0):
 garbage-first heap   total 475136K, used 335756K [0x0000000740000000, 0x0000000800000000)
  region size 2048K, 30 young (61440K), 6 survivors (12288K)
 Metaspace       used 129479K, committed 131840K, reserved 1179648K
  class space    used 17176K, committed 18368K, reserved 1048576K
}
Event: 97.546 GC heap after
{Heap after GC invocations=68 (full 0):
 garbage-first heap   total 475136K, used 304284K [0x0000000740000000, 0x0000000800000000)
  region size 2048K, 4 young (8192K), 4 survivors (8192K)
 Metaspace       used 129479K, committed 131840K, reserved 1179648K
  class space    used 17176K, committed 18368K, reserved 1048576K
}
Event: 98.766 GC heap before
{Heap before GC invocations=68 (full 0):
 garbage-first heap   total 475136K, used 404636K [0x0000000740000000, 0x0000000800000000)
  region size 2048K, 50 young (102400K), 4 survivors (8192K)
 Metaspace       used 132341K, committed 134720K, reserved 1179648K
  class space    used 17751K, committed 18944K, reserved 1048576K
}
Event: 98.834 GC heap after
{Heap after GC invocations=69 (full 0):
 garbage-first heap   total 475136K, used 342016K [0x0000000740000000, 0x0000000800000000)
  region size 2048K, 7 young (14336K), 7 survivors (14336K)
 Metaspace       used 132341K, committed 134720K, reserved 1179648K
  class space    used 17751K, committed 18944K, reserved 1048576K
}
Event: 99.242 GC heap before
{Heap before GC invocations=69 (full 0):
 garbage-first heap   total 475136K, used 411648K [0x0000000740000000, 0x0000000800000000)
  region size 2048K, 41 young (83968K), 7 survivors (14336K)
 Metaspace       used 132390K, committed 134720K, reserved 1179648K
  class space    used 17752K, committed 18944K, reserved 1048576K
}
Event: 99.320 GC heap after
{Heap after GC invocations=70 (full 0):
 garbage-first heap   total 475136K, used 382610K [0x0000000740000000, 0x0000000800000000)
  region size 2048K, 6 young (12288K), 6 survivors (12288K)
 Metaspace       used 132390K, committed 134720K, reserved 1179648K
  class space    used 17752K, committed 18944K, reserved 1048576K
}
Event: 99.675 GC heap before
{Heap before GC invocations=70 (full 0):
 garbage-first heap   total 475136K, used 423570K [0x0000000740000000, 0x0000000800000000)
  region size 2048K, 27 young (55296K), 6 survivors (12288K)
 Metaspace       used 132433K, committed 134784K, reserved 1179648K
  class space    used 17752K, committed 18944K, reserved 1048576K
}

