# JRE version: OpenJDK Runtime Environment (21.0.6) (build 21.0.6+-13368085-b895.109)
# Java VM: OpenJDK 64-Bit Server VM (21.0.6+-13368085-b895.109, mixed mode, tiered, compressed oops, compressed class ptrs, g1 gc, windows-amd64)
GC Precious Log:
 CardTable entry size: 512
 Card Set container configuration: InlinePtr #cards 4 size 8 Array Of Cards #cards 16 size 48 Howl #buckets 8 coarsen threshold 3686 Howl Bitmap #cards 512 size 80 coarsen threshold 460 Card regions per heap region 1 cards per card region 4096
 CPUs: 8 total, 8 available
 Memory: 6091M
 Large Page Support: Disabled
 NUMA Support: Disabled
 Compressed Oops: Enabled (Zero based)
 Heap Region Size: 2M
 Heap Min Capacity: 8M
 Heap Initial Capacity: 96M
 Heap Max Capacity: 3G
 Pre-touch: Disabled
 Parallel Workers: 8
 Concurrent Workers: 2
 Concurrent Refinement Workers: 8
 Periodic GC: Disabled
Heap:
 garbage-first heap   total 307200K, used 239889K [0x0000000740000000, 0x0000000800000000)
  region size 2048K, 10 young (20480K), 4 survivors (8192K)
 Metaspace       used 117239K, committed 119424K, reserved 1179648K
  class space    used 16010K, committed 17088K, reserved 1048576K
GC Heap History (20 events):
Event: 30.440 GC heap before
{Heap before GC invocations=38 (full 0):
 garbage-first heap   total 184320K, used 161433K [0x0000000740000000, 0x0000000800000000)
  region size 2048K, 34 young (69632K), 5 survivors (10240K)
 Metaspace       used 110120K, committed 112256K, reserved 1179648K
  class space    used 15107K, committed 16192K, reserved 1048576K
}
Event: 30.453 GC heap after
{Heap after GC invocations=39 (full 0):
 garbage-first heap   total 184320K, used 108154K [0x0000000740000000, 0x0000000800000000)
  region size 2048K, 2 young (4096K), 2 survivors (4096K)
 Metaspace       used 110120K, committed 112256K, reserved 1179648K
  class space    used 15107K, committed 16192K, reserved 1048576K
}
Event: 31.341 GC heap before
{Heap before GC invocations=39 (full 0):
 garbage-first heap   total 184320K, used 165498K [0x0000000740000000, 0x0000000800000000)
  region size 2048K, 31 young (63488K), 2 survivors (4096K)
 Metaspace       used 110664K, committed 112896K, reserved 1179648K
  class space    used 15208K, committed 16320K, reserved 1048576K
}
Event: 31.349 GC heap after
{Heap after GC invocations=40 (full 0):
 garbage-first heap   total 184320K, used 110878K [0x0000000740000000, 0x0000000800000000)
  region size 2048K, 4 young (8192K), 4 survivors (8192K)
 Metaspace       used 110664K, committed 112896K, reserved 1179648K
  class space    used 15208K, committed 16320K, reserved 1048576K
}
Event: 31.956 GC heap before
{Heap before GC invocations=41 (full 0):
 garbage-first heap   total 188416K, used 160030K [0x0000000740000000, 0x0000000800000000)
  region size 2048K, 29 young (59392K), 4 survivors (8192K)
 Metaspace       used 110859K, committed 113024K, reserved 1179648K
  class space    used 15225K, committed 16320K, reserved 1048576K
}
Event: 31.965 GC heap after
{Heap after GC invocations=42 (full 0):
 garbage-first heap   total 188416K, used 114852K [0x0000000740000000, 0x0000000800000000)
  region size 2048K, 4 young (8192K), 4 survivors (8192K)
 Metaspace       used 110859K, committed 113024K, reserved 1179648K
  class space    used 15225K, committed 16320K, reserved 1048576K
}
Event: 32.522 GC heap before
{Heap before GC invocations=42 (full 0):
 garbage-first heap   total 188416K, used 164004K [0x0000000740000000, 0x0000000800000000)
  region size 2048K, 29 young (59392K), 4 survivors (8192K)
 Metaspace       used 112612K, committed 114816K, reserved 1179648K
  class space    used 15381K, committed 16512K, reserved 1048576K
}
Event: 32.533 GC heap after
{Heap after GC invocations=43 (full 0):
 garbage-first heap   total 188416K, used 117113K [0x0000000740000000, 0x0000000800000000)
  region size 2048K, 4 young (8192K), 4 survivors (8192K)
 Metaspace       used 112612K, committed 114816K, reserved 1179648K
  class space    used 15381K, committed 16512K, reserved 1048576K
}
Event: 32.929 GC heap before
{Heap before GC invocations=43 (full 0):
 garbage-first heap   total 188416K, used 164217K [0x0000000740000000, 0x0000000800000000)
  region size 2048K, 28 young (57344K), 4 survivors (8192K)
 Metaspace       used 112809K, committed 115008K, reserved 1179648K
  class space    used 15405K, committed 16512K, reserved 1048576K
}
Event: 32.938 GC heap after
{Heap after GC invocations=44 (full 0):
 garbage-first heap   total 188416K, used 120465K [0x0000000740000000, 0x0000000800000000)
  region size 2048K, 3 young (6144K), 3 survivors (6144K)
 Metaspace       used 112809K, committed 115008K, reserved 1179648K
  class space    used 15405K, committed 16512K, reserved 1048576K
}
Event: 33.559 GC heap before
{Heap before GC invocations=45 (full 0):
 garbage-first heap   total 202752K, used 179857K [0x0000000740000000, 0x0000000800000000)
  region size 2048K, 27 young (55296K), 3 survivors (6144K)
 Metaspace       used 113740K, committed 115968K, reserved 1179648K
  class space    used 15516K, committed 16640K, reserved 1048576K
}
Event: 33.566 GC heap after
{Heap after GC invocations=46 (full 0):
 garbage-first heap   total 202752K, used 138072K [0x0000000740000000, 0x0000000800000000)
  region size 2048K, 4 young (8192K), 4 survivors (8192K)
 Metaspace       used 113740K, committed 115968K, reserved 1179648K
  class space    used 15516K, committed 16640K, reserved 1048576K
}
Event: 34.499 GC heap before
{Heap before GC invocations=46 (full 0):
 garbage-first heap   total 204800K, used 201560K [0x0000000740000000, 0x0000000800000000)
  region size 2048K, 23 young (47104K), 4 survivors (8192K)
 Metaspace       used 116804K, committed 118976K, reserved 1179648K
  class space    used 15948K, committed 17024K, reserved 1048576K
}
Event: 34.519 GC heap after
{Heap after GC invocations=47 (full 0):
 garbage-first heap   total 282624K, used 180276K [0x0000000740000000, 0x0000000800000000)
  region size 2048K, 4 young (8192K), 4 survivors (8192K)
 Metaspace       used 116804K, committed 118976K, reserved 1179648K
  class space    used 15948K, committed 17024K, reserved 1048576K
}
Event: 34.580 GC heap before
{Heap before GC invocations=47 (full 0):
 garbage-first heap   total 282624K, used 204852K [0x0000000740000000, 0x0000000800000000)
  region size 2048K, 11 young (22528K), 4 survivors (8192K)
 Metaspace       used 117117K, committed 119296K, reserved 1179648K
  class space    used 15996K, committed 17088K, reserved 1048576K
}
Event: 34.586 GC heap after
{Heap after GC invocations=48 (full 0):
 garbage-first heap   total 282624K, used 192267K [0x0000000740000000, 0x0000000800000000)
  region size 2048K, 3 young (6144K), 3 survivors (6144K)
 Metaspace       used 117117K, committed 119296K, reserved 1179648K
  class space    used 15996K, committed 17088K, reserved 1048576K
}
Event: 34.588 GC heap before
{Heap before GC invocations=48 (full 0):
 garbage-first heap   total 282624K, used 198411K [0x0000000740000000, 0x0000000800000000)
  region size 2048K, 4 young (8192K), 3 survivors (6144K)
 Metaspace       used 117117K, committed 119296K, reserved 1179648K
  class space    used 15996K, committed 17088K, reserved 1048576K
}
Event: 34.591 GC heap after
{Heap after GC invocations=49 (full 0):
 garbage-first heap   total 282624K, used 197834K [0x0000000740000000, 0x0000000800000000)
  region size 2048K, 1 young (2048K), 1 survivors (2048K)
 Metaspace       used 117117K, committed 119296K, reserved 1179648K
  class space    used 15996K, committed 17088K, reserved 1048576K
}
Event: 34.649 GC heap before
{Heap before GC invocations=49 (full 0):
 garbage-first heap   total 292864K, used 287946K [0x0000000740000000, 0x0000000800000000)
  region size 2048K, 19 young (38912K), 1 survivors (2048K)
 Metaspace       used 117123K, committed 119296K, reserved 1179648K
  class space    used 15996K, committed 17088K, reserved 1048576K
}
Event: 34.659 GC heap after
{Heap after GC invocations=50 (full 0):
 garbage-first heap   total 307200K, used 231697K [0x0000000740000000, 0x0000000800000000)
  region size 2048K, 4 young (8192K), 4 survivors (8192K)
 Metaspace       used 117123K, committed 119296K, reserved 1179648K
  class space    used 15996K, committed 17088K, reserved 1048576K
}

